node   1  (   0,    0) (   4,    3) (   5,    4) (   4,    2) (   2,    1) (   2,    1) (   2,    2) (   2,    2) (   2,    0) (   1,    0)
          (   2,    3) (   2,    0) (   2,    0) (   2,    1) (   2,    0) (   2,    2) (   2,    1) (   2,    1) (   2,    2) (   1,    3)
          (   2,    1) (   1,    1) (   2,    2) (   2,    1) (   2,    1) (   2,    2) (   1,    1) (   2,    0) (   2,    0) (   2,    0)
          (   2,    2) (   2,    1) (   2,    1) (   1,    1) (   1,    0) (   2,    0) (   2,    1) (   2,    0) (   2,    0) (   1,    0)
          (   1,    1) (   2,    0) (   2,    1) (   2,    1) (   2,    1) (   1,    1) (   2,    0) (   2,    0) (   1,    1) (   2,    0)
          (   1,    1) (   2,    0) (   2,    1) (   2,    1) (   2,    1) (   1,    0) (   2,    1) (   2,    1) (   2,    0) (   2,    0)
          (   1,    0) (   2,    1) (   1,    1) (   2,    2) (   1,    1) (   2,    1) (   1,    1) (   2,    2) (   2,    1) (   1,    1)
          (   2,    0) (   2,    0) (   1,    1) (   2,    0) (   2,    0) (   2,    2) (   1,    0) (   1,    1) (   2,    1) (   2,    0)
          (   2,    1) (   1,    1) (   1,    1) (   2,    1) (   2,    0) (   2,    0) (   2,    1) (   2,    2) (   2,    1) (   2,    1)
          (   2,    1) (   2,    0) (   2,    1) (   2,    1) (   1,    2) (   2,    2) (   2,    3) (   1,    3) (   2,    3) (   2,    2)
          (   1,    2) (   2,    1) (   2,    1) (   2,    1) (   2,    2) (   2,    1) (   1,    1) (   0,    1) (   2,    0) (   2,    2)
          (   2,    1) (   2,    1) (   1,    2) (   2,    0) (   2,    4) (   2,    0) (   2,    1) (   1,    1) (   2,    3) (   2,    0)
          (   2,    1) (   2,    1) (   1,    2) (   2,    2) (   2,    2) (   2,    3) (   0,    0) (   1,    1) (   2,    1) (   1,    0)
          (   2,    0) (   2,    0) (   0,    0) (   1,    0) (   1,    1) (   1,    1) (   2,    1) (   1,    0) (   2,    1) (   1,    0)
          (   2,    1) (   2,    1) (   2,    0) (   2,    1) (   1,    2) (   1,    0) (   1,    1) (   1,    0) (   2,    2) (   0,    1)
          (   1,    2) (   1,    1) (   1,    0) (   2,    1) (   2,    3) (   1,    1) (   2,    2) (   2,    0) (   2,    1) (   1,    0)
          (   2,    1) (   2,    2) (   2,    1) (   1,    1) (   2,    0) (   2,    1) (   2,    1) (   2,    1) (   1,    0) (   1,    1)
          (   1,    0) (   2,    1) (   1,    0) (   2,    1) (   2,    1) (   1,    0) (   2,    1) (   2,    0) (   1,    1) (   2,    0)
          (   2,    1) (   2,    0) (   2,    0) (   2,    1) (   1,    0) (   1,    1) (   2,    1) (   2,    1) (   2,    0) (   2,    0)
          (   2,    1) (   2,    0) (   2,    0) (   1,    0) (   2,    0) (   2,    0) (   2,    1) (   2,    1) (   1,    1) (   2,    1)
          (   2,    2) (   2,    0) (   0,    0) (   2,    1) (   2,    1) (   2,    0) (   2,    0) (   2,    0) (   1,    1) (   0,    0)
          (   1,    0) (   2,    0) (   1,    1) (   2,    0) (   2,    2) (   1,    0) (   1,    1) (   0,    3) (   2,    0) (   2,    0)
          (   2,    2) (   2,    0) (   1,    0) (   2,    2) (   2,    1) (   2,    0) (   2,    1) (   1,    0) (   0,    2) (   1,    1)
          (   2,    0) (   2,    2) (   1,    1) (   2,    2) (   1,    0) (   1,    0) (   2,    1) (   2,    1) (   2,    0) (   2,    0)
          (   2,    0) (   1,    1) (   2,    1) (   2,    0) (   2,    1) (   1,    1) (   1,    0) (   2,    3) (   2,    0) (   2,    0)
          (   1,    1) (   2,    0) (   2,    0) (   1,    1) (   1,    2) (   1,    1) (   1,    0) (   2,    2) (   1,    0) (   2,    1)
          (   2,    0) (   1,    2) (   1,    1) (   1,    1) (   1,    1) (   2,    1) (   2,    0) (   1,    1) (   1,    1) (   2,    0)
          (   2,    0) (   1,    0) (   1,    1) (   1,    0) (   0,    1) (   2,    0) (   2,    0) (   2,    1) (   2,    1) (   0,    1)
          (   2,    0) (   2,    0) (   1,    0) (   1,    0) (   1,    0) (   2,    0) (   2,    0) (   2,    0) (   2,    2) (   2,    1)
          (   2,    2) (   2,    2) (   2,    0) (   0,    1) (   2,    0) (   2,    0) (   2,    1) (   2,    0) (   2,    0) (   2,    0)
          (   1,    0) (   2,    0) (   2,    1) (   1,    1) (   2,    0) (   1,    0) (   2,    1) (   2,    1) (   2,    2) (   1,    0)
          (   2,    0) (   2,    0) (   1,    2) (   2,    1) (   2,    0) (   2,    1) (   2,    0) (   2,    0) (   2,    0) (   1,    0)
          (   2,    1) (   1,    1) (   1,    2) (   2,    1) (   2,    0) (   1,    1) (   2,    1) (   2,    2) (   2,    0) (   2,    1)
          (   1,    0) (   2,    2) (   1,    0) (   2,    0) (   1,    0) (   2,    1) (   2,    0) (   2,    0) (   1,    2) (   2,    0)
          (   2,    2) (   2,    0) (   1,    0) (   2,    1) (   2,    0) (   2,    1) (   2,    0) (   2,    1) (   2,    0) (   2,    1)
          (   1,    0) (   1,    0) (   1,    1) (   2,    1) (   2,    0) (   2,    0) (   2,    0) (   2,    1) (   2,    1) (   1,    2)
          (   2,    3) (   2,    0) (   2,    0) (   2,    1) (   1,    2) (   2,    1) (   2,    0) (   2,    0) (   1,    1) (   2,    0)
          (   2,    1) (   2,    0) (   2,    2) (   1,    0) (   2,    2) (   2,    0) (   2,    0) (   2,    0) (   2,    1) (   2,    1)
          (   2,    1) (   2,    2) (   2,    0) (   2,    3) (   1,    2) (   2,    0) (   1,    0) (   2,    1) (   2,    1) (   1,    0)
          (   2,    0) (   1,    0) (   2,    1) (   2,    0) (   1,    1) (   2,    1) (   2,    0) (   2,    0) (   2,    1) (   2,    1)
          (   2,    1) (   2,    0) (   2,    1) (   2,    1) (   2,    0) (   2,    2) (   2,    1) (   2,    0) (   2,    1) (   2,    1)
          (   2,    1) (   1,    1) (   2,    1) (   2,    0) (   2,    1) (   2,    0) (   2,    0) (   2,    2) (   2,    0) (   2,    1)
          (   2,    0) (   2,    2) (   1,    0) (   2,    1) (   2,    0) (   2,    2) (   1,    0) (   2,    0) (   2,    0) (   2,    0)
          (   1,    1) (   1,    1) (   2,    2) (   2,    1) (   2,    1) (   2,    1) (   1,    0) (   2,    0) (   2,    2) (   2,    2)
          (   2,    1) (   1,    0) (   2,    2) (   2,    1) (   1,    0) (   2,    0) (   1,    0) (   1,    0) (   2,    1) (   1,    2)
          (   2,    0) (   2,    0) (   2,    0) (   2,    1) (   2,    2) (   2,    0) (   2,    0) (   2,    2) (   2,    2) (   2,    0)
          (   2,    1) (   2,    0) (   2,    1) (   1,    1) (   2,    0) (   1,    1) (   2,    0) (   2,    2) (   1,    0) (   2,    0)
          (   1,    1) (   2,    2) (   1,    1) (   2,    0) (   2,    1) (   2,    0) (   1,    0) (   2,    0) (   1,    0) (   1,    0)
          (   1,    1) (   2,    1) (   2,    0) (   2,    0) (   2,    0) (   2,    1) (   1,    1) (   2,    1) (   2,    0) (   2,    1)
          (   2,    0) (   2,    0) (   2,    2) (   1,    1) (   2,    1) (   2,    0) (   1,    2) (   2,    1) (   2,    1) (   2,    0)
          (   2,    0) (   2,    0) (   2,    1) (   2,    1) (   2,    1) (   1,    2) (   2,    2) (   2,    0) (   2,    1) (   1,    1)
          (   2,    0) (   2,    0) (   2,    1) (   2,    1) (   2,    0) (   2,    1) (   2,    1) (   1,    2) (   2,    1) (   2,    0)
          (   2,    0) (   2,    1) (   2,    1) (   2,    1) (   1,    1) (   1,    2) (   2,    1) (   2,    0) (   1,    1) (   2,    0)
          (   1,    1) (   1,    0) (   2,    1) (   2,    0) (   2,    0) (   1,    2) (   2,    2) (   2,    1) (   1,    1) (   1,    1)
          (   2,    2) (   2,    1) (   2,    1) (   1,    0) (   2,    1) (   2,    1) (   2,    3) (   1,    0) (   1,    1) (   2,    2)
          (   2,    0) (   1,    0) (   1,    2) (   2,    1) (   2,    2) (   2,    0) (   2,    1) (   2,    1) (   2,    0) (   2,    1)
          (   1,    1) (   2,    0) (   2,    1) (   2,    1) (   2,    0) (   2,    1) (   1,    1) (   2,    0) (   2,    0) (   2,    0)
          (   1,    1) (   1,    0) (   2,    0) (   2,    1) (   2,    0) (   2,    1) (   2,    1) (   2,    1) (   2,    0) (   1,    0)
          (   1,    1) (   2,    2) (   2,    0) (   2,    1) (   2,    1) (   2,    0) (   1,    2) (   2,    2) (   2,    1) (   1,    0)
          (   2,    1) (   2,    0) (   2,    1) (   2,    1) (   2,    2) (   1,    2) (   2,    0) (   2,    0) (   2,    1) (   1,    0)
          (   1,    0) (   2,    1) (   1,    1) (   2,    2) (   2,    1) (   2,    2) (   1,    0) (   1,    1) (   2,    0) (   2,    1)
          (   2,    0) (   2,    0) (   1,    1) (   2,    1) (   2,    1) (   2,    0) (   2,    1) (   2,    0) (   2,    1) (   2,    0)
          (   2,    1) (   1,    0) (   1,    2) (   2,    0) (   1,    1) (   2,    0) (   2,    0) (   1,    1) (   2,    3) (   2,    3)
          (   2,    2) (   2,    1) (   1,    1) (   2,    2) (   2,    1) (   2,    1) (   1,    2) (   2,    0) (   2,    0) (   1,    3)
          (   2,    0) (   1,    0) (   2,    0) (   1,    0) (   1,    2) (   2,    0) (   1,    2) (   2,    1) (   2,    3) (   2,    1)
          (   2,    1) (   2,    2) (   1,    1) (   2,    1) (   2,    1) (   2,    0) (   2,    1) (   2,    1) (   2,    0) (   1,    1)
          (   2,    2) (   2,    0) (   2,    1) (   1,    1) (   2,    1) (   2,    0) (   2,    0) (   2,    1) (   2,    1) (   2,    1)
          (   2,    1) (   2,    0) (   2,    0) (   2,    1) (   1,    0) (   2,    1) (   2,    0) (   2,    1) (   2,    2) (   2,    1)
          (   2,    2) (   2,    0) (   2,    1) (   2,    1) (   2,    0) (   1,    1) (   1,    0) (   2,    1) (   1,    0) (   2,    0)
          (   2,    0) (   2,    0) (   2,    0) (   1,    1) (   2,    0) (   2,    2) (   2,    1) (   2,    1) (   2,    0) (   2,    0)
         
node   1 sent_total   1196  recv_total    549

node   2  (   1,    0) (   0,    0) (   0,    1) (   1,    1) (   1,    1) (   1,    1) (   1,    1) (   2,    4) (   2,    4) (   2,    2)
          (   2,    2) (   2,    2) (   2,    3) (   1,    2) (   1,    1) (   1,    3) (   1,    1) (   2,    2) (   2,    1) (   1,    2)
          (   1,    2) (   1,    1) (   2,    0) (   2,    2) (   2,    0) (   2,    1) (   2,    1) (   1,    3) (   2,    2) (   2,    1)
          (   2,    3) (   2,    2) (   1,    2) (   2,    1) (   1,    3) (   2,    1) (   2,    1) (   2,    0) (   2,    1) (   1,    2)
          (   1,    3) (   2,    2) (   2,    4) (   2,    1) (   2,    3) (   2,    1) (   2,    3) (   1,    4) (   2,    2) (   2,    1)
          (   1,    0) (   2,    0) (   2,    1) (   2,    3) (   1,    4) (   2,    2) (   2,    1) (   2,    3) (   2,    0) (   2,    2)
          (   2,    1) (   1,    1) (   2,    0) (   2,    1) (   2,    1) (   2,    2) (   1,    2) (   2,    0) (   2,    1) (   1,    4)
          (   2,    1) (   2,    4) (   2,    1) (   2,    1) (   2,    2) (   1,    3) (   1,    2) (   1,    2) (   1,    2) (   2,    1)
          (   1,    2) (   2,    2) (   2,    2) (   2,    1) (   1,    1) (   1,    2) (   2,    4) (   2,    1) (   2,    2) (   2,    0)
          (   2,    4) (   2,    1) (   1,    3) (   2,    2) (   2,    1) (   1,    2) (   2,    2) (   1,    1) (   2,    0) (   1,    0)
          (   1,    1) (   2,    3) (   2,    2) (   2,    1) (   2,    1) (   2,    3) (   2,    1) (   1,    2) (   2,    1) (   2,    0)
          (   1,    0) (   2,    3) (   1,    4) (   2,    1) (   2,    4) (   2,    3) (   2,    3) (   2,    2) (   2,    1) (   2,    3)
          (   1,    2) (   2,    0) (   1,    2) (   1,    1) (   0,    1) (   1,    3) (   2,    0) (   2,    0) (   1,    2) (   2,    2)
          (   2,    3) (   1,    1) (   1,    1) (   1,    2) (   2,    2) (   1,    1) (   2,    2) (   1,    2) (   1,    0) (   2,    1)
          (   2,    2) (   1,    3) (   1,    1) (   1,    2) (   2,    2) (   2,    1) (   1,    1) (   2,    3) (   2,    1) (   1,    1)
          (   1,    1) (   1,    1) (   2,    2) (   1,    1) (   2,    2) (   1,    1) (   1,    3) (   1,    3) (   2,    3) (   2,    3)
          (   2,    1) (   1,    1) (   2,    2) (   1,    4) (   2,    2) (   2,    3) (   2,    1) (   2,    1) (   2,    0) (   2,    0)
          (   2,    2) (   0,    1) (   2,    1) (   1,    1) (   1,    3) (   1,    0) (   1,    2) (   1,    2) (   2,    0) (   2,    2)
          (   2,    4) (   0,    1) (   2,    0) (   2,    1) (   1,    2) (   2,    0) (   2,    3) (   0,    3) (   2,    1) (   1,    1)
          (   2,    1) (   1,    2) (   2,    0) (   1,    1) (   2,    2) (   2,    2) (   1,    0) (   0,    2) (   2,    1) (   1,    1)
          (   2,    1) (   1,    2) (   2,    1) (   1,    2) (   1,    1) (   2,    1) (   2,    1) (   2,    0) (   2,    0) (   2,    1)
          (   2,    1) (   2,    2) (   2,    3) (   2,    0) (   2,    3) (   1,    0) (   2,    2) (   2,    1) (   2,    1) (   2,    2)
          (   2,    3) (   1,    1) (   2,    2) (   2,    4) (   2,    1) (   2,    1) (   2,    1) (   1,    2) (   2,    1) (   1,    0)
          (   2,    2) (   2,    4) (   1,    0) (   0,    2) (   1,    2) (   1,    2) (   1,    3) (   2,    1) (   1,    2) (   1,    2)
          (   2,    5) (   2,    1) (   1,    1) (   1,    2) (   2,    2) (   2,    1) (   2,    2) (   1,    0) (   1,    4) (   2,    3)
          (   2,    1) (   2,    0) (   2,    1) (   2,    1) (   2,    2) (   2,    3) (   1,    1) (   1,    2) (   1,    3) (   0,    1)
          (   2,    2) (   2,    1) (   2,    3) (   2,    3) (   1,    1) (   1,    3) (   2,    1) (   2,    3) (   1,    2) (   2,    1)
          (   2,    3) (   2,    3) (   2,    1) (   2,    1) (   0,    2) (   1,    1) (   1,    2) (   2,    0) (   2,    3) (   1,    1)
          (   2,    1) (   2,    1) (   1,    3) (   2,    0) (   2,    0) (   2,    2) (   1,    2) (   2,    1) (   1,    2) (   2,    3)
          (   1,    0) (   1,    3) (   2,    2) (   0,    1) (   2,    1) (   2,    2) (   1,    2) (   2,    2) (   0,    3) (   2,    4)
          (   1,    1) (   2,    4) (   2,    0) (   2,    2) (   1,    3) (   2,    2) (   1,    4) (   2,    3) (   1,    1) (   1,    2)
          (   2,    3) (   1,    2) (   2,    1) (   1,    0) (   2,    2) (   1,    3) (   2,    2) (   2,    3) (   2,    1) (   2,    3)
          (   2,    1) (   2,    1) (   2,    0) (   1,    4) (   1,    3) (   2,    2) (   2,    2) (   2,    3) (   2,    2) (   2,    0)
          (   2,    1) (   1,    3) (   1,    3) (   2,    2) (   1,    2) (   2,    0) (   2,    1) (   2,    2) (   2,    1) (   2,    3)
          (   1,    1) (   2,    1) (   2,    1) (   2,    2) (   2,    1) (   2,    0) (   1,    2) (   2,    2) (   2,    3) (   2,    2)
          (   1,    1) (   1,    2) (   1,    3) (   2,    1) (   1,    0) (   2,    3) (   2,    3) (   1,    5) (   2,    2) (   2,    1)
          (   2,    4) (   2,    4) (   1,    1) (   1,    0) (   2,    0) (   1,    2) (   2,    2) (   1,    0) (   1,    2) (   2,    0)
          (   2,    3) (   1,    1) (   2,    1) (   2,    2) (   2,    1) (   2,    2) (   2,    0) (   2,    3) (   2,    3) (   2,    2)
          (   2,    0) (   2,    2) (   2,    1) (   2,    1) (   2,    2) (   2,    4) (   1,    0) (   1,    4) (   2,    2) (   2,    2)
          (   2,    2) (   2,    4) (   2,    1) (   2,    3) (   1,    0) (   2,    1) (   2,    3) (   2,    3) (   1,    6) (   2,    1)
          (   2,    1) (   2,    3) (   1,    2) (   1,    1) (   2,    1) (   2,    3) (   2,    3) (   2,    1) (   2,    2) (   1,    2)
          (   2,    2) (   2,    2) (   2,    1) (   2,    1) (   1,    0) (   2,    1) (   2,    1) (   2,    2) (   2,    0) (   2,    1)
          (   1,    2) (   2,    1) (   1,    2) (   2,    2) (   2,    0) (   1,    3) (   2,    3) (   1,    2) (   2,    4) (   2,    1)
          (   1,    0) (   2,    2) (   1,    3) (   2,    2) (   2,    0) (   2,    1) (   2,    2) (   2,    1) (   2,    3) (   1,    1)
          (   2,    1) (   2,    3) (   2,    0) (   2,    3) (   2,    3) (   1,    3) (   1,    2) (   2,    4) (   1,    1) (   1,    3)
          (   2,    1) (   2,    2) (   2,    2) (   2,    3) (   2,    3) (   2,    2) (   2,    2) (   2,    1) (   2,    2) (   2,    1)
          (   1,    3) (   2,    0) (   2,    1) (   2,    2) (   2,    1) (   1,    2) (   2,    2) (   2,    1) (   1,    2) (   1,    1)
          (   2,    2) (   2,    4) (   2,    1) (   2,    3) (   1,    2) (   2,    3) (   1,    2) (   2,    1) (   2,    0) (   1,    1)
          (   2,    1) (   1,    0) (   2,    1) (   2,    0) (   2,    2) (   2,    2) (   2,    0) (   2,    0) (   1,    0) (   2,    2)
          (   2,    1) (   2,    1) (   1,    4) (   2,    1) (   1,    0) (   1,    3) (   2,    0) (   2,    2) (   2,    1) (   1,    1)
          (   1,    2) (   1,    1) (   2,    2) (   1,    2) (   2,    1) (   2,    1) (   2,    1) (   2,    2) (   1,    1) (   1,    0)
          (   1,    1) (   2,    2) (   2,    0) (   2,    2) (   2,    3) (   2,    2) (   2,    1) (   1,    0) (   2,    2) (   2,    1)
          (   2,    2) (   2,    1) (   2,    2) (   2,    3) (   2,    1) (   1,    0) (   2,    2) (   2,    3) (   1,    1) (   1,    2)
          (   2,    3) (   2,    1) (   2,    2) (   2,    0) (   1,    1) (   1,    1) (   2,    1) (   2,    2) (   1,    1) (   2,    1)
          (   2,    3) (   2,    4) (   2,    1) (   1,    2) (   1,    2) (   2,    4) (   2,    3) (   2,    1) (   2,    0) (   2,    2)
          (   2,    2) (   2,    3) (   1,    1) (   2,    1) (   1,    2) (   1,    1) (   2,    2) (   2,    2) (   1,    1) (   2,    1)
          (   1,    0) (   2,    3) (   1,    1) (   2,    1) (   2,    2) (   2,    2) (   2,    1) (   2,    1) (   1,    1) (   2,    1)
          (   2,    1) (   2,    1) (   2,    2) (   2,    4) (   2,    0) (   2,    1) (   2,    4) (   1,    2) (   2,    1) (   1,    2)
          (   2,    3) (   1,    0) (   2,    1) (   1,    2) (   1,    1) (   1,    0) (   2,    2) (   2,    2) (   2,    1) (   2,    2)
          (   2,    4) (   2,    2) (   2,    2) (   2,    2) (   2,    1) (   2,    1) (   2,    3) (   2,    3) (   2,    2) (   2,    2)
          (   2,    3) (   2,    1) (   2,    2) (   2,    5) (   1,    2) (   2,    6) (   2,    1) (   2,    1) (   1,    1) (   1,    0)
          (   2,    3) (   2,    0) (   2,    1) (   2,    3) (   1,    2) (   1,    0) (   2,    2) (   2,    1) (   2,    2) (   2,    2)
          (   2,    4) (   2,    2) (   2,    3) (   1,    1) (   2,    1) (   2,    0) (   2,    2) (   2,    1) (   2,    1) (   2,    2)
          (   1,    2) (   2,    0) (   2,    3) (   2,    2) (   2,    2) (   2,    0) (   2,    2) (   1,    1) (   2,    1) (   2,    2)
          (   2,    1) (   2,    4) (   2,    0) (   2,    3) (   2,    0) (   1,    1) (   2,    2) (   2,    2) (   1,    1) (   2,    0)
          (   1,    0) (   2,    3) (   2,    2) (   2,    1) (   2,    3) (   1,    1) (   2,    3) (   2,    3) (   2,    3) (   2,    2)
          (   2,    3) (   1,    0) (   2,    2) (   2,    3) (   2,    2) (   2,    2) (   2,    2) (   2,    0) (   1,    2) (   2,    2)
          (   2,    1) (   1,    2) (   2,    2) (   1,    0) (   2,    0) (   2,    4) (   2,    0) (   2,    1) (   1,    1) (   2,    1)
          (   2,    3) (   2,    1) (   1,    3) (   2,    1) (   2,    1) (   1,    2) (   2,    1) (   2,    3) (   1,    1) (   1,    2)
          (   2,    0) (   1,    2) (   1,    2) (   2,    1) (   2,    1) (   2,    1) (   2,    2) (   2,    0) (   2,    0) (   2,    3)
         
node   2 sent_total   1162  recv_total   1177

node   3  (   1,    0) (   0,    0) (   1,    2) (   1,    1) (   1,    0) (   1,    0) (   2,    3) (   2,    2) (   1,    3) (   2,    4)
          (   2,    3) (   2,    1) (   2,    3) (   2,    3) (   2,    3) (   2,    1) (   2,    4) (   2,    2) (   2,    3) (   2,    2)
          (   2,    1) (   2,    4) (   2,    3) (   2,    2) (   2,    2) (   2,    1) (   2,    3) (   2,    1) (   1,    3) (   2,    2)
          (   2,    1) (   2,    3) (   2,    2) (   1,    2) (   2,    0) (   2,    1) (   1,    2) (   2,    4) (   2,    1) (   1,    1)
          (   2,    1) (   2,    2) (   2,    3) (   2,    1) (   1,    2) (   1,    0) (   2,    4) (   2,    3) (   1,    2) (   2,    2)
          (   2,    3) (   1,    2) (   2,    2) (   2,    1) (   2,    1) (   1,    3) (   2,    2) (   2,    0) (   1,    4) (   2,    0)
          (   2,    3) (   2,    1) (   1,    4) (   2,    0) (   2,    1) (   2,    0) (   1,    1) (   1,    0) (   2,    4) (   1,    2)
          (   1,    1) (   2,    3) (   2,    2) (   1,    2) (   2,    1) (   1,    1) (   2,    1) (   2,    2) (   0,    1) (   2,    3)
          (   1,    1) (   2,    1) (   1,    2) (   1,    0) (   1,    2) (   2,    2) (   2,    0) (   2,    2) (   2,    0) (   2,    2)
          (   2,    4) (   1,    1) (   2,    2) (   2,    0) (   2,    0) (   2,    1) (   2,    3) (   2,    0) (   1,    1) (   2,    1)
          (   2,    1) (   1,    1) (   1,    0) (   1,    1) (   2,    2) (   1,    1) (   2,    3) (   1,    0) (   0,    2) (   2,    0)
          (   1,    1) (   2,    3) (   2,    3) (   2,    0) (   2,    2) (   2,    3) (   1,    2) (   2,    3) (   2,    2) (   2,    2)
          (   2,    1) (   2,    4) (   1,    2) (   2,    2) (   2,    1) (   1,    0) (   1,    0) (   2,    3) (   2,    0) (   1,    1)
          (   2,    2) (   2,    3) (   2,    3) (   2,    1) (   1,    3) (   2,    0) (   1,    2) (   2,    0) (   2,    1) (   2,    3)
          (   2,    1) (   1,    1) (   1,    4) (   0,    1) (   2,    1) (   2,    1) (   2,    2) (   2,    0) (   1,    0) (   2,    2)
          (   1,    1) (   1,    0) (   2,    1) (   2,    2) (   2,    1) (   2,    1) (   1,    0) (   0,    2) (   1,    0) (   2,    0)
          (   2,    1) (   1,    3) (   1,    1) (   1,    1) (   2,    2) (   2,    1) (   1,    1) (   2,    1) (   2,    1) (   1,    0)
          (   2,    0) (   2,    3) (   2,    5) (   2,    3) (   2,    0) (   1,    0) (   2,    1) (   2,    2) (   2,    2) (   2,    0)
          (   2,    0) (   0,    2) (   1,    3) (   1,    1) (   1,    2) (   1,    2) (   1,    2) (   1,    1) (   2,    3) (   1,    3)
          (   2,    1) (   1,    3) (   1,    1) (   2,    1) (   2,    1) (   1,    2) (   2,    1) (   2,    2) (   2,    1) (   2,    2)
          (   2,    4) (   2,    1) (   1,    4) (   1,    0) (   1,    1) (   1,    0) (   2,    3) (   2,    3) (   2,    2) (   2,    0)
          (   1,    0) (   1,    3) (   2,    1) (   0,    3) (   2,    0) (   1,    3) (   2,    2) (   2,    1) (   2,    2) (   2,    2)
          (   1,    2) (   2,    3) (   2,    5) (   1,    1) (   1,    3) (   2,    0) (   2,    0) (   0,    1) (   1,    2) (   1,    2)
          (   2,    0) (   1,    0) (   2,    4) (   2,    3) (   2,    0) (   1,    3) (   1,    2) (   1,    1) (   1,    2) (   2,    1)
          (   2,    1) (   2,    2) (   2,    2) (   2,    1) (   2,    1) (   1,    0) (   1,    3) (   1,    0) (   1,    1) (   1,    2)
          (   1,    1) (   2,    0) (   2,    1) (   2,    0) (   2,    1) (   2,    0) (   2,    2) (   2,    2) (   2,    1) (   2,    1)
          (   2,    0) (   2,    2) (   2,    2) (   2,    2) (   2,    3) (   1,    2) (   2,    3) (   2,    1) (   2,    3) (   1,    4)
          (   2,    2) (   2,    2) (   2,    3) (   1,    2) (   1,    0) (   2,    2) (   1,    3) (   1,    1) (   2,    2) (   2,    1)
          (   1,    1) (   1,    2) (   2,    1) (   2,    3) (   1,    0) (   1,    2) (   1,    1) (   2,    2) (   1,    1) (   2,    1)
          (   1,    2) (   1,    2) (   1,    2) (   2,    2) (   2,    3) (   1,    3) (   2,    2) (   2,    1) (   2,    1) (   2,    3)
          (   2,    2) (   2,    1) (   2,    2) (   2,    4) (   2,    2) (   1,    3) (   2,    0) (   2,    0) (   2,    2) (   2,    4)
          (   2,    2) (   2,    3) (   2,    2) (   2,    1) (   2,    1) (   2,    4) (   2,    1) (   2,    2) (   2,    2) (   2,    1)
          (   2,    1) (   2,    2) (   1,    1) (   2,    1) (   2,    1) (   2,    0) (   2,    4) (   2,    3) (   2,    1) (   2,    1)
          (   2,    1) (   2,    1) (   2,    0) (   2,    4) (   2,    4) (   2,    2) (   2,    0) (   2,    0) (   2,    2) (   2,    4)
          (   2,    1) (   2,    2) (   2,    3) (   2,    3) (   1,    2) (   2,    3) (   2,    2) (   2,    2) (   2,    1) (   2,    1)
          (   2,    1) (   2,    1) (   2,    0) (   2,    1) (   1,    0) (   2,    4) (   2,    3) (   2,    0) (   2,    1) (   2,    1)
          (   2,    1) (   2,    2) (   1,    1) (   2,    1) (   1,    2) (   2,    1) (   2,    3) (   2,    1) (   1,    1) (   2,    2)
          (   2,    4) (   1,    2) (   2,    3) (   2,    2) (   1,    2) (   2,    3) (   2,    2) (   2,    1) (   2,    0) (   2,    1)
          (   2,    1) (   2,    2) (   2,    1) (   2,    2) (   2,    1) (   2,    0) (   2,    2) (   1,    3) (   2,    1) (   2,    2)
          (   2,    2) (   2,    1) (   2,    2) (   1,    3) (   2,    2) (   1,    0) (   1,    3) (   2,    2) (   2,    1) (   2,    1)
          (   2,    2) (   2,    1) (   2,    2) (   2,    0) (   2,    3) (   2,    2) (   2,    1) (   1,    1) (   2,    2) (   2,    5)
          (   1,    2) (   1,    2) (   1,    3) (   1,    3) (   2,    2) (   1,    1) (   2,    3) (   2,    1) (   1,    1) (   1,    3)
          (   1,    0) (   2,    2) (   2,    0) (   2,    1) (   2,    3) (   1,    2) (   2,    2) (   1,    4) (   2,    1) (   2,    3)
          (   2,    0) (   2,    2) (   2,    1) (   2,    1) (   1,    0) (   2,    2) (   1,    0) (   1,    3) (   2,    1) (   1,    2)
          (   2,    4) (   2,    1) (   2,    1) (   2,    2) (   2,    2) (   2,    0) (   2,    3) (   2,    3) (   2,    3) (   2,    3)
          (   2,    3) (   2,    2) (   2,    4) (   2,    2) (   1,    1) (   1,    1) (   2,    2) (   2,    1) (   1,    1) (   1,    0)
          (   2,    0) (   1,    1) (   2,    0) (   2,    4) (   2,    2) (   2,    2) (   2,    4) (   2,    5) (   2,    1) (   2,    2)
          (   1,    1) (   2,    2) (   1,    3) (   2,    2) (   1,    1) (   2,    3) (   2,    3) (   2,    1) (   1,    2) (   2,    5)
          (   1,    0) (   1,    2) (   2,    2) (   1,    2) (   2,    2) (   2,    1) (   2,    2) (   2,    4) (   2,    1) (   2,    3)
          (   2,    1) (   2,    2) (   2,    1) (   2,    4) (   2,    1) (   2,    1) (   1,    2) (   2,    1) (   1,    1) (   2,    3)
          (   1,    2) (   2,    1) (   2,    2) (   1,    2) (   2,    3) (   1,    2) (   2,    1) (   2,    1) (   1,    1) (   2,    1)
          (   1,    2) (   2,    3) (   1,    0) (   1,    2) (   2,    1) (   2,    4) (   2,    2) (   2,    1) (   2,    3) (   1,    1)
          (   2,    1) (   2,    0) (   2,    2) (   1,    1) (   2,    2) (   1,    2) (   2,    1) (   1,    0) (   2,    1) (   2,    3)
          (   2,    1) (   2,    4) (   1,    0) (   2,    1) (   2,    3) (   2,    2) (   2,    1) (   2,    2) (   2,    2) (   2,    2)
          (   2,    1) (   2,    2) (   2,    3) (   1,    3) (   2,    3) (   2,    2) (   1,    0) (   2,    2) (   2,    1) (   2,    1)
          (   2,    1) (   1,    0) (   2,    2) (   2,    1) (   2,    0) (   2,    3) (   1,    2) (   2,    3) (   1,    1) (   2,    3)
          (   2,    1) (   1,    1) (   2,    2) (   2,    2) (   2,    0) (   2,    1) (   2,    4) (   2,    3) (   2,    0) (   2,    2)
          (   2,    2) (   2,    1) (   2,    2) (   2,    3) (   1,    3) (   2,    3) (   1,    3) (   1,    2) (   2,    1) (   2,    1)
          (   2,    1) (   1,    1) (   2,    4) (   2,    3) (   2,    2) (   2,    2) (   2,    1) (   2,    2) (   2,    3) (   2,    2)
          (   2,    0) (   2,    2) (   2,    2) (   2,    2) (   1,    0) (   2,    2) (   2,    3) (   1,    3) (   1,    2) (   2,    1)
          (   1,    0) (   2,    4) (   2,    2) (   2,    3) (   2,    1) (   1,    0) (   2,    1) (   2,    1) (   2,    2) (   2,    0)
          (   1,    1) (   2,    3) (   1,    2) (   2,    0) (   2,    2) (   2,    2) (   1,    3) (   2,    1) (   2,    0) (   2,    2)
          (   2,    2) (   1,    1) (   1,    0) (   2,    3) (   2,    2) (   2,    1) (   2,    2) (   2,    2) (   2,    1) (   1,    2)
          (   1,    2) (   2,    2) (   2,    4) (   2,    0) (   2,    2) (   2,    1) (   2,    1) (   2,    2) (   2,    2) (   2,    3)
          (   2,    3) (   2,    2) (   1,    1) (   2,    2) (   2,    1) (   2,    4) (   2,    2) (   2,    1) (   2,    1) (   2,    3)
          (   2,    2) (   2,    2) (   2,    1) (   1,    1) (   2,    2) (   2,    4) (   2,    1) (   1,    1) (   1,    1) (   1,    4)
          (   2,    2) (   2,    3) (   2,    0) (   2,    3) (   1,    1) (   1,    2) (   2,    0) (   2,    5) (   2,    2) (   2,    3)
          (   1,    1) (   2,    4) (   1,    3) (   1,    1) (   2,    1) (   2,    2) (   2,    0) (   1,    1) (   2,    1) (   1,    4)
          (   2,    3) (   2,    3) (   2,    1) (   2,    2) (   2,    1) (   1,    2) (   1,    3) (   2,    0) (   2,    5) (   1,    2)
          (   2,    3) (   1,    3) (   1,    0) (   2,    3) (   2,    2) (   1,    1) (   2,    0) (   2,    1) (   2,    3) (   2,    1)
         
node   3 sent_total   1186  recv_total   1206

node   4  (   1,    0) (   0,    0) (   0,    1) (   0,    0) (   0,    0) (   2,    1) (   2,    2) (   1,    1) (   2,    3) (   2,    1)
          (   1,    0) (   2,    1) (   2,    2) (   2,    3) (   2,    2) (   2,    1) (   1,    3) (   2,    0) (   1,    1) (   1,    1)
          (   2,    1) (   1,    2) (   2,    2) (   2,    4) (   2,    2) (   2,    2) (   2,    2) (   2,    2) (   2,    2) (   2,    3)
          (   2,    3) (   2,    2) (   2,    1) (   2,    3) (   2,    3) (   1,    2) (   2,    0) (   2,    1) (   1,    3) (   2,    2)
          (   1,    1) (   2,    3) (   2,    1) (   2,    2) (   2,    1) (   2,    1) (   2,    2) (   2,    1) (   1,    1) (   2,    1)
          (   1,    1) (   2,    1) (   2,    2) (   2,    2) (   2,    2) (   0,    3) (   2,    4) (   1,    2) (   2,    0) (   2,    2)
          (   2,    1) (   2,    3) (   2,    3) (   2,    2) (   2,    1) (   2,    3) (   1,    2) (   2,    3) (   2,    1) (   1,    1)
          (   2,    4) (   1,    1) (   2,    4) (   2,    2) (   2,    1) (   2,    2) (   2,    2) (   1,    2) (   1,    3) (   1,    1)
          (   2,    1) (   1,    1) (   2,    5) (   1,    2) (   2,    3) (   2,    0) (   1,    3) (   1,    0) (   2,    3) (   1,    2)
          (   2,    3) (   2,    4) (   1,    2) (   2,    1) (   1,    3) (   2,    2) (   2,    4) (   2,    3) (   1,    0) (   1,    3)
          (   1,    0) (   1,    0) (   2,    3) (   1,    2) (   1,    2) (   2,    1) (   1,    0) (   1,    2) (   2,    0) (   2,    1)
          (   2,    2) (   2,    1) (   2,    1) (   2,    1) (   0,    2) (   1,    1) (   2,    1) (   2,    1) (   1,    0) (   2,    1)
          (   2,    2) (   2,    1) (   1,    3) (   2,    2) (   2,    2) (   2,    1) (   2,    3) (   2,    2) (   1,    3) (   2,    3)
          (   0,    1) (   2,    3) (   2,    3) (   2,    1) (   1,    1) (   1,    3) (   2,    3) (   1,    4) (   2,    0) (   2,    2)
          (   1,    2) (   2,    1) (   2,    0) (   2,    1) (   1,    1) (   2,    4) (   2,    1) (   1,    2) (   2,    2) (   2,    1)
          (   2,    1) (   2,    1) (   2,    2) (   2,    2) (   1,    3) (   2,    1) (   1,    2) (   2,    0) (   2,    2) (   2,    2)
          (   2,    2) (   2,    1) (   2,    1) (   2,    2) (   1,    1) (   2,    1) (   2,    2) (   2,    0) (   0,    3) (   2,    5)
          (   2,    4) (   1,    2) (   2,    1) (   1,    3) (   1,    1) (   2,    3) (   2,    2) (   2,    2) (   1,    2) (   1,    1)
          (   2,    4) (   2,    3) (   0,    1) (   1,    1) (   2,    2) (   2,    0) (   2,    4) (   2,    3) (   2,    2) (   2,    3)
          (   1,    3) (   2,    3) (   2,    1) (   2,    1) (   2,    4) (   1,    4) (   2,    2) (   2,    3) (   1,    4) (   1,    0)
          (   2,    1) (   1,    1) (   2,    3) (   1,    3) (   2,    0) (   2,    2) (   1,    2) (   2,    4) (   2,    3) (   1,    2)
          (   1,    2) (   2,    3) (   2,    3) (   2,    4) (   2,    1) (   1,    3) (   2,    1) (   2,    3) (   2,    0) (   2,    1)
          (   1,    1) (   0,    5) (   2,    1) (   2,    1) (   2,    1) (   2,    4) (   2,    2) (   2,    3) (   1,    2) (   1,    2)
          (   2,    1) (   1,    1) (   2,    2) (   0,    0) (   1,    3) (   2,    2) (   1,    1) (   2,    1) (   1,    0) (   1,    2)
          (   2,    5) (   1,    2) (   2,    3) (   2,    2) (   1,    4) (   1,    3) (   2,    1) (   2,    3) (   2,    3) (   2,    1)
          (   2,    2) (   1,    1) (   2,    0) (   2,    2) (   2,    2) (   1,    0) (   2,    3) (   2,    2) (   1,    2) (   0,    3)
          (   2,    1) (   2,    2) (   2,    2) (   1,    0) (   2,    2) (   2,    0) (   2,    2) (   2,    5) (   2,    0) (   2,    3)
          (   1,    0) (   2,    3) (   2,    1) (   2,    3) (   1,    1) (   2,    0) (   0,    0) (   2,    4) (   2,    3) (   1,    2)
          (   2,    2) (   2,    2) (   2,    2) (   2,    1) (   2,    3) (   1,    3) (   2,    1) (   2,    0) (   2,    3) (   2,    2)
          (   1,    1) (   1,    1) (   1,    1) (   2,    2) (   2,    1) (   2,    1) (   1,    2) (   0,    4) (   1,    3) (   1,    2)
          (   2,    2) (   2,    1) (   1,    3) (   2,    1) (   2,    2) (   2,    2) (   2,    0) (   2,    0) (   2,    3) (   2,    4)
          (   2,    2) (   2,    4) (   1,    3) (   2,    2) (   2,    6) (   1,    2) (   2,    2) (   1,    2) (   2,    1) (   1,    2)
          (   2,    3) (   2,    1) (   2,    4) (   2,    1) (   1,    1) (   2,    2) (   1,    2) (   2,    2) (   1,    2) (   1,    1)
          (   2,    3) (   1,    3) (   2,    1) (   1,    0) (   1,    2) (   2,    1) (   1,    3) (   2,    1) (   2,    1) (   2,    3)
          (   2,    2) (   2,    1) (   2,    3) (   2,    3) (   2,    5) (   2,    1) (   2,    1) (   2,    2) (   2,    3) (   2,    5)
          (   2,    5) (   1,    0) (   2,    3) (   2,    4) (   2,    4) (   2,    2) (   1,    1) (   2,    3) (   2,    3) (   2,    1)
          (   2,    1) (   2,    2) (   2,    2) (   2,    1) (   1,    1) (   2,    2) (   2,    2) (   2,    3) (   2,    4) (   2,    4)
          (   2,    2) (   1,    2) (   1,    0) (   2,    1) (   1,    1) (   1,    5) (   2,    4) (   2,    0) (   2,    0) (   2,    1)
          (   2,    3) (   2,    0) (   2,    2) (   2,    2) (   1,    0) (   1,    4) (   1,    4) (   2,    1) (   2,    2) (   2,    4)
          (   2,    1) (   2,    1) (   2,    3) (   2,    2) (   2,    2) (   2,    5) (   2,    3) (   2,    1) (   1,    1) (   2,    4)
          (   2,    2) (   1,    4) (   2,    3) (   1,    3) (   1,    2) (   1,    1) (   2,    1) (   1,    2) (   1,    1) (   2,    1)
          (   2,    3) (   1,    3) (   2,    3) (   2,    3) (   2,    1) (   2,    1) (   2,    2) (   2,    3) (   2,    5) (   2,    1)
          (   2,    2) (   2,    0) (   2,    1) (   2,    3) (   2,    3) (   2,    0) (   2,    1) (   1,    2) (   2,    2) (   1,    3)
          (   2,    1) (   2,    1) (   2,    2) (   2,    1) (   2,    3) (   2,    3) (   1,    4) (   2,    2) (   2,    1) (   2,    0)
          (   1,    2) (   2,    3) (   2,    4) (   2,    2) (   1,    0) (   2,    4) (   2,    2) (   2,    2) (   2,    1) (   2,    2)
          (   1,    3) (   2,    2) (   2,    3) (   2,    3) (   1,    2) (   2,    4) (   2,    5) (   1,    3) (   1,    2) (   2,    2)
          (   2,    1) (   2,    0) (   2,    3) (   2,    2) (   2,    3) (   2,    2) (   1,    4) (   1,    0) (   1,    2) (   2,    2)
          (   1,    3) (   2,    1) (   2,    2) (   2,    1) (   2,    3) (   2,    1) (   1,    1) (   2,    2) (   2,    3) (   1,    0)
          (   2,    2) (   2,    1) (   2,    1) (   2,    3) (   2,    2) (   2,    2) (   2,    4) (   2,    3) (   1,    4) (   2,    3)
          (   2,    3) (   1,    1) (   2,    1) (   1,    3) (   2,    4) (   2,    1) (   2,    0) (   2,    0) (   2,    1) (   2,    0)
          (   2,    2) (   2,    5) (   2,    1) (   2,    4) (   2,    1) (   1,    2) (   1,    1) (   2,    1) (   2,    1) (   2,    2)
          (   2,    2) (   2,    0) (   2,    3) (   2,    1) (   2,    2) (   1,    3) (   2,    1) (   2,    4) (   1,    4) (   2,    3)
          (   2,    1) (   2,    1) (   2,    2) (   2,    4) (   2,    3) (   2,    3) (   2,    1) (   2,    4) (   2,    1) (   2,    2)
          (   1,    0) (   2,    0) (   1,    2) (   2,    2) (   2,    2) (   2,    0) (   1,    2) (   1,    2) (   2,    3) (   2,    2)
          (   1,    3) (   2,    4) (   2,    1) (   2,    0) (   2,    0) (   2,    0) (   2,    2) (   2,    2) (   2,    4) (   2,    3)
          (   2,    3) (   2,    4) (   1,    3) (   2,    2) (   1,    0) (   2,    1) (   2,    1) (   1,    4) (   2,    3) (   2,    2)
          (   2,    1) (   2,    2) (   1,    3) (   2,    5) (   1,    3) (   1,    2) (   2,    2) (   1,    2) (   1,    0) (   2,    3)
          (   1,    1) (   2,    2) (   2,    2) (   1,    0) (   2,    4) (   2,    2) (   2,    1) (   1,    0) (   1,    4) (   1,    3)
          (   2,    2) (   1,    1) (   1,    1) (   2,    3) (   1,    1) (   2,    2) (   2,    4) (   1,    3) (   2,    1) (   2,    3)
          (   2,    1) (   2,    4) (   2,    1) (   2,    2) (   1,    2) (   2,    4) (   2,    4) (   2,    3) (   2,    1) (   2,    2)
          (   1,    2) (   2,    2) (   2,    1) (   2,    0) (   2,    4) (   2,    1) (   2,    1) (   2,    2) (   1,    2) (   2,    5)
          (   2,    2) (   2,    2) (   2,    1) (   2,    3) (   2,    1) (   1,    4) (   1,    1) (   1,    3) (   1,    2) (   2,    4)
          (   2,    2) (   1,    0) (   2,    1) (   2,    3) (   1,    1) (   2,    1) (   1,    1) (   2,    1) (   2,    1) (   2,    0)
          (   2,    3) (   2,    1) (   1,    1) (   2,    2) (   1,    2) (   2,    2) (   2,    2) (   1,    2) (   2,    3) (   2,    2)
          (   2,    3) (   2,    2) (   1,    1) (   2,    3) (   2,    1) (   1,    2) (   2,    1) (   1,    0) (   2,    0) (   2,    0)
          (   1,    1) (   2,    1) (   2,    2) (   2,    5) (   2,    2) (   1,    3) (   2,    0) (   2,    3) (   2,    1) (   2,    0)
          (   2,    0) (   1,    1) (   2,    2) (   2,    0) (   2,    1) (   2,    3) (   2,    3) (   2,    0) (   1,    2) (   1,    0)
          (   2,    0) (   1,    2) (   1,    3) (   2,    5) (   2,    1) (   1,    2) (   2,    1) (   1,    0) (   2,    2) (   2,    2)
          (   2,    1) (   2,    1) (   2,    2) (   2,    3) (   2,    1) (   2,    3) (   2,    2) (   2,    2) (   2,    2) (   2,    3)
          (   1,    3) (   2,    1) (   2,    2) (   2,    2) (   2,    1) (   2,    2) (   2,    4) (   2,    2) (   2,    4) (   2,    2)
         
node   4 sent_total   1183  recv_total   1369

node   5  (   0,    0) (   1,    0) (   0,    0) (   0,    1) (   0,    0) (   0,    0) (   2,    1) (   1,    0) (   2,    3) (   2,    4)
          (   2,    4) (   2,    4) (   1,    2) (   2,    1) (   2,    4) (   2,    1) (   2,    2) (   2,    0) (   2,    2) (   2,    1)
          (   2,    3) (   2,    3) (   2,    2) (   2,    1) (   2,    2) (   1,    4) (   2,    2) (   2,    2) (   1,    3) (   1,    2)
          (   2,    3) (   2,    0) (   1,    2) (   2,    3) (   2,    0) (   2,    2) (   2,    3) (   2,    3) (   1,    2) (   2,    4)
          (   2,    1) (   2,    0) (   1,    1) (   2,    2) (   1,    1) (   2,    4) (   2,    1) (   2,    2) (   1,    4) (   2,    2)
          (   1,    2) (   2,    1) (   1,    3) (   2,    1) (   1,    1) (   1,    0) (   1,    2) (   2,    3) (   2,    2) (   2,    4)
          (   2,    2) (   2,    0) (   1,    2) (   2,    1) (   2,    4) (   1,    0) (   1,    2) (   1,    1) (   2,    2) (   2,    1)
          (   2,    1) (   1,    3) (   2,    3) (   1,    1) (   2,    2) (   1,    1) (   1,    1) (   2,    1) (   2,    0) (   2,    3)
          (   2,    4) (   1,    2) (   1,    0) (   2,    1) (   1,    2) (   2,    6) (   1,    2) (   2,    3) (   2,    4) (   2,    2)
          (   1,    2) (   2,    0) (   1,    3) (   1,    2) (   2,    0) (   2,    3) (   1,    2) (   1,    4) (   2,    2) (   1,    5)
          (   2,    3) (   1,    2) (   2,    1) (   2,    2) (   2,    1) (   2,    1) (   1,    2) (   2,    3) (   2,    1) (   0,    1)
          (   2,    0) (   2,    1) (   1,    2) (   2,    2) (   2,    0) (   1,    3) (   2,    2) (   2,    3) (   2,    2) (   2,    1)
          (   2,    0) (   2,    2) (   1,    2) (   1,    0) (   2,    3) (   0,    1) (   1,    1) (   0,    0) (   2,    2) (   2,    2)
          (   2,    1) (   2,    0) (   1,    3) (   2,    1) (   2,    5) (   1,    1) (   1,    0) (   1,    2) (   1,    3) (   2,    2)
          (   1,    0) (   2,    1) (   1,    2) (   2,    3) (   2,    2) (   2,    2) (   2,    1) (   2,    5) (   2,    0) (   2,    2)
          (   2,    0) (   2,    3) (   0,    1) (   2,    1) (   1,    0) (   2,    2) (   1,    1) (   2,    4) (   1,    1) (   2,    2)
          (   1,    1) (   1,    2) (   1,    3) (   1,    2) (   1,    3) (   2,    2) (   1,    2) (   2,    4) (   1,    0) (   2,    0)
          (   2,    1) (   2,    2) (   2,    2) (   2,    2) (   2,    2) (   1,    2) (   1,    0) (   1,    2) (   1,    2) (   2,    4)
          (   2,    1) (   1,    3) (   1,    1) (   2,    0) (   2,    2) (   1,    2) (   2,    0) (   2,    0) (   2,    0) (   2,    1)
          (   1,    2) (   2,    2) (   2,    3) (   1,    4) (   2,    2) (   1,    0) (   2,    1) (   2,    3) (   1,    2) (   2,    0)
          (   1,    2) (   2,    4) (   0,    2) (   2,    3) (   2,    1) (   1,    1) (   2,    3) (   2,    2) (   2,    3) (   1,    1)
          (   2,    2) (   1,    1) (   2,    1) (   2,    3) (   2,    3) (   2,    3) (   2,    1) (   2,    3) (   1,    3) (   2,    2)
          (   2,    1) (   1,    2) (   1,    1) (   2,    1) (   1,    2) (   1,    1) (   2,    2) (   1,    1) (   1,    1) (   2,    3)
          (   2,    1) (   2,    4) (   1,    2) (   2,    2) (   2,    0) (   2,    0) (   1,    2) (   1,    3) (   2,    2) (   2,    3)
          (   1,    1) (   1,    1) (   1,    0) (   2,    0) (   2,    1) (   2,    2) (   2,    1) (   2,    2) (   1,    1) (   1,    4)
          (   1,    3) (   1,    2) (   1,    3) (   1,    2) (   1,    1) (   2,    5) (   2,    0) (   1,    1) (   1,    1) (   2,    3)
          (   2,    3) (   1,    2) (   2,    1) (   2,    3) (   1,    4) (   1,    2) (   1,    0) (   1,    5) (   1,    3) (   2,    2)
          (   1,    2) (   2,    3) (   1,    1) (   2,    1) (   2,    2) (   2,    2) (   0,    2) (   1,    3) (   2,    1) (   2,    1)
          (   1,    0) (   2,    1) (   0,    0) (   1,    1) (   2,    3) (   2,    0) (   1,    0) (   0,    0) (   2,    1) (   2,    0)
          (   2,    3) (   1,    1) (   1,    2) (   2,    2) (   2,    2) (   1,    2) (   2,    3) (   2,    1) (   2,    3) (   1,    0)
          (   2,    2) (   2,    3) (   2,    1) (   2,    1) (   2,    1) (   2,    2) (   2,    3) (   2,    4) (   2,    1) (   2,    2)
          (   1,    1) (   2,    1) (   2,    2) (   2,    3) (   2,    0) (   2,    2) (   2,    2) (   2,    4) (   2,    3) (   2,    3)
          (   1,    1) (   2,    3) (   2,    2) (   2,    2) (   2,    1) (   2,    2) (   1,    1) (   1,    1) (   2,    3) (   2,    3)
          (   2,    3) (   2,    1) (   2,    4) (   2,    2) (   2,    3) (   1,    2) (   2,    3) (   2,    4) (   2,    1) (   2,    1)
          (   1,    4) (   2,    3) (   2,    2) (   2,    3) (   1,    3) (   2,    1) (   2,    1) (   2,    1) (   1,    2) (   2,    1)
          (   2,    1) (   2,    3) (   2,    2) (   2,    2) (   2,    5) (   2,    1) (   2,    2) (   2,    2) (   2,    2) (   2,    4)
          (   2,    1) (   2,    1) (   2,    4) (   2,    4) (   1,    2) (   1,    2) (   2,    1) (   2,    5) (   1,    2) (   2,    0)
          (   2,    2) (   1,    2) (   1,    4) (   1,    1) (   2,    0) (   1,    1) (   1,    4) (   1,    2) (   2,    3) (   2,    5)
          (   2,    2) (   2,    4) (   2,    3) (   2,    3) (   2,    3) (   2,    0) (   2,    3) (   1,    1) (   2,    2) (   2,    0)
          (   1,    4) (   2,    3) (   2,    2) (   2,    2) (   2,    1) (   1,    2) (   1,    3) (   2,    4) (   2,    2) (   1,    2)
          (   2,    4) (   2,    2) (   2,    2) (   2,    2) (   1,    1) (   1,    1) (   2,    2) (   2,    2) (   2,    3) (   1,    2)
          (   2,    0) (   2,    3) (   1,    2) (   2,    0) (   2,    4) (   2,    3) (   1,    4) (   2,    2) (   2,    2) (   2,    2)
          (   2,    1) (   1,    3) (   2,    6) (   2,    1) (   2,    1) (   2,    1) (   2,    1) (   2,    0) (   1,    0) (   1,    2)
          (   2,    3) (   2,    1) (   2,    1) (   2,    4) (   1,    3) (   1,    2) (   2,    1) (   2,    3) (   2,    3) (   2,    2)
          (   2,    1) (   2,    0) (   2,    2) (   1,    1) (   2,    2) (   2,    1) (   2,    2) (   2,    1) (   1,    2) (   2,    0)
          (   1,    0) (   2,    4) (   2,    1) (   2,    2) (   2,    1) (   2,    1) (   2,    1) (   2,    0) (   2,    3) (   2,    1)
          (   2,    3) (   2,    2) (   2,    1) (   1,    0) (   1,    3) (   1,    1) (   2,    0) (   2,    1) (   2,    5) (   2,    3)
          (   2,    1) (   1,    1) (   1,    2) (   2,    0) (   2,    2) (   1,    3) (   2,    1) (   1,    2) (   2,    3) (   2,    1)
          (   2,    1) (   2,    3) (   2,    4) (   1,    2) (   1,    2) (   2,    2) (   2,    1) (   2,    0) (   2,    3) (   2,    2)
          (   2,    4) (   2,    3) (   2,    4) (   2,    2) (   2,    2) (   2,    2) (   1,    2) (   2,    1) (   2,    3) (   2,    4)
          (   2,    2) (   2,    4) (   2,    0) (   2,    1) (   1,    1) (   2,    2) (   2,    4) (   2,    3) (   2,    3) (   2,    1)
          (   1,    1) (   2,    2) (   2,    2) (   2,    1) (   2,    2) (   2,    1) (   2,    3) (   2,    0) (   2,    1) (   2,    6)
          (   2,    2) (   2,    4) (   2,    1) (   1,    2) (   2,    0) (   2,    1) (   2,    2) (   2,    3) (   2,    1) (   2,    2)
          (   1,    5) (   1,    2) (   2,    2) (   1,    3) (   2,    3) (   2,    4) (   2,    1) (   2,    3) (   2,    1) (   2,    2)
          (   2,    1) (   2,    2) (   2,    3) (   1,    1) (   1,    0) (   2,    2) (   2,    0) (   2,    1) (   2,    1) (   1,    1)
          (   2,    1) (   2,    0) (   2,    1) (   2,    2) (   2,    4) (   2,    3) (   2,    3) (   2,    2) (   2,    3) (   1,    2)
          (   1,    5) (   2,    3) (   2,    0) (   2,    1) (   1,    5) (   2,    3) (   2,    3) (   2,    2) (   2,    4) (   2,    3)
          (   2,    3) (   1,    2) (   2,    2) (   1,    3) (   2,    4) (   2,    3) (   2,    0) (   1,    1) (   2,    1) (   2,    0)
          (   2,    1) (   2,    3) (   2,    2) (   2,    1) (   2,    3) (   1,    5) (   2,    2) (   2,    4) (   2,    1) (   2,    0)
          (   1,    3) (   2,    2) (   2,    3) (   2,    2) (   1,    2) (   2,    1) (   2,    2) (   2,    2) (   1,    2) (   2,    3)
          (   2,    1) (   2,    2) (   1,    3) (   2,    0) (   1,    4) (   1,    1) (   2,    3) (   2,    3) (   2,    3) (   2,    1)
          (   2,    2) (   2,    4) (   2,    3) (   2,    1) (   2,    1) (   1,    5) (   2,    1) (   2,    4) (   2,    3) (   1,    1)
          (   2,    3) (   2,    2) (   1,    1) (   1,    2) (   1,    1) (   1,    2) (   2,    2) (   1,    2) (   1,    2) (   2,    3)
          (   1,    3) (   2,    3) (   2,    0) (   2,    1) (   1,    3) (   1,    1) (   2,    2) (   2,    4) (   2,    3) (   2,    0)
          (   2,    2) (   1,    2) (   2,    2) (   2,    3) (   2,    1) (   2,    1) (   1,    1) (   1,    1) (   2,    1) (   2,    4)
          (   1,    1) (   2,    1) (   1,    3) (   2,    0) (   2,    0) (   2,    2) (   2,    2) (   1,    2) (   1,    2) (   1,    2)
          (   2,    2) (   2,    3) (   2,    3) (   2,    1) (   2,    2) (   1,    3) (   2,    3) (   2,    1) (   2,    0) (   2,    3)
          (   2,    4) (   1,    3) (   1,    0) (   2,    1) (   2,    2) (   2,    0) (   2,    1) (   1,    2) (   2,    3) (   2,    3)
          (   2,    1) (   2,    3) (   2,    2) (   2,    0) (   2,    4) (   2,    1) (   1,    3) (   2,    2) (   2,    0) (   1,    0)
          (   2,    3) (   1,    1) (   2,    4) (   1,    2) (   2,    3) (   2,    3) (   2,    0) (   2,    1) (   2,    3) (   2,    3)
         
node   5 sent_total   1169  recv_total   1355

node   6  (   0,    0) (   1,    0) (   0,    0) (   0,    1) (   0,    0) (   2,    1) (   2,    1) (   2,    1) (   2,    1) (   1,    2)
          (   2,    0) (   2,    2) (   2,    1) (   2,    1) (   2,    2) (   2,    1) (   2,    1) (   2,    3) (   1,    2) (   1,    1)
          (   2,    2) (   2,    0) (   2,    0) (   2,    3) (   2,    2) (   2,    3) (   2,    2) (   2,    3) (   1,    3) (   2,    1)
          (   2,    3) (   1,    3) (   2,    3) (   2,    1) (   1,    1) (   2,    1) (   2,    4) (   2,    2) (   2,    0) (   1,    1)
          (   1,    1) (   2,    2) (   2,    1) (   2,    1) (   2,    2) (   2,    0) (   2,    0) (   1,    1) (   1,    1) (   2,    2)
          (   2,    1) (   1,    3) (   2,    2) (   2,    2) (   2,    0) (   2,    2) (   2,    2) (   2,    0) (   2,    2) (   2,    2)
          (   0,    4) (   2,    1) (   2,    0) (   1,    3) (   1,    1) (   1,    2) (   1,    2) (   2,    2) (   2,    1) (   2,    3)
          (   1,    0) (   2,    1) (   1,    0) (   2,    0) (   2,    2) (   1,    2) (   1,    3) (   0,    0) (   2,    1) (   2,    2)
          (   1,    2) (   2,    0) (   2,    1) (   1,    3) (   2,    0) (   1,    1) (   1,    1) (   2,    1) (   0,    2) (   2,    3)
          (   2,    1) (   2,    3) (   1,    1) (   2,    2) (   2,    4) (   2,    0) (   2,    0) (   2,    1) (   2,    1) (   2,    2)
          (   2,    2) (   2,    2) (   2,    1) (   2,    1) (   2,    1) (   1,    3) (   1,    2) (   2,    0) (   1,    1) (   2,    2)
          (   2,    3) (   2,    0) (   2,    0) (   2,    3) (   2,    2) (   2,    1) (   2,    1) (   1,    0) (   2,    1) (   0,    1)
          (   1,    3) (   1,    1) (   1,    2) (   1,    4) (   2,    1) (   2,    0) (   1,    1) (   2,    1) (   2,    0) (   2,    2)
          (   2,    0) (   2,    3) (   1,    3) (   2,    3) (   1,    1) (   2,    1) (   1,    0) (   1,    1) (   1,    2) (   2,    0)
          (   2,    4) (   1,    1) (   2,    4) (   2,    1) (   2,    2) (   1,    3) (   2,    3) (   0,    1) (   2,    2) (   2,    2)
          (   2,    3) (   2,    2) (   2,    3) (   2,    2) (   0,    2) (   2,    3) (   2,    3) (   2,    0) (   2,    2) (   1,    2)
          (   0,    2) (   2,    2) (   1,    0) (   1,    1) (   2,    1) (   1,    2) (   2,    3) (   2,    2) (   2,    2) (   2,    1)
          (   2,    1) (   2,    1) (   2,    1) (   0,    2) (   1,    0) (   2,    3) (   2,    2) (   2,    1) (   2,    3) (   2,    3)
          (   2,    3) (   2,    2) (   1,    0) (   1,    0) (   1,    0) (   2,    2) (   2,    0) (   2,    1) (   1,    1) (   2,    0)
          (   2,    2) (   2,    1) (   2,    2) (   2,    3) (   1,    0) (   2,    3) (   2,    1) (   2,    1) (   2,    0) (   2,    3)
          (   2,    0) (   1,    1) (   1,    1) (   2,    1) (   1,    1) (   2,    1) (   2,    1) (   2,    1) (   1,    2) (   2,    3)
          (   2,    3) (   2,    0) (   2,    0) (   1,    1) (   2,    2) (   1,    2) (   2,    0) (   2,    1) (   2,    2) (   2,    0)
          (   2,    2) (   2,    2) (   2,    2) (   2,    1) (   1,    3) (   2,    3) (   1,    2) (   2,    2) (   2,    0) (   1,    1)
          (   2,    3) (   2,    3) (   2,    2) (   2,    2) (   2,    0) (   2,    2) (   1,    1) (   2,    1) (   2,    1) (   2,    1)
          (   1,    2) (   1,    3) (   2,    0) (   1,    2) (   1,    0) (   1,    1) (   2,    1) (   1,    1) (   2,    2) (   2,    2)
          (   1,    0) (   1,    2) (   1,    2) (   2,    4) (   2,    1) (   1,    0) (   2,    1) (   1,    1) (   1,    1) (   1,    2)
          (   0,    1) (   1,    2) (   2,    0) (   2,    1) (   2,    1) (   2,    1) (   1,    3) (   2,    0) (   2,    0) (   2,    1)
          (   2,    2) (   1,    2) (   2,    2) (   1,    2) (   2,    3) (   1,    1) (   2,    2) (   2,    0) (   2,    3) (   2,    2)
          (   1,    1) (   1,    1) (   1,    3) (   2,    2) (   2,    2) (   2,    4) (   2,    1) (   2,    1) (   1,    2) (   1,    1)
          (   1,    0) (   2,    1) (   2,    1) (   2,    0) (   1,    1) (   1,    1) (   2,    1) (   1,    1) (   2,    1) (   2,    1)
          (   2,    2) (   2,    1) (   2,    2) (   2,    3) (   2,    1) (   2,    1) (   2,    4) (   2,    2) (   2,    1) (   1,    3)
          (   2,    2) (   2,    2) (   1,    2) (   2,    0) (   2,    1) (   2,    3) (   2,    4) (   1,    2) (   2,    1) (   2,    2)
          (   1,    3) (   2,    1) (   1,    2) (   2,    1) (   2,    2) (   2,    3) (   2,    1) (   2,    1) (   1,    3) (   2,    1)
          (   2,    2) (   2,    3) (   2,    0) (   2,    1) (   2,    1) (   1,    3) (   2,    1) (   2,    4) (   2,    1) (   2,    1)
          (   1,    2) (   2,    1) (   2,    0) (   1,    1) (   1,    1) (   1,    2) (   2,    5) (   1,    3) (   2,    2) (   2,    1)
          (   2,    2) (   1,    3) (   2,    2) (   2,    2) (   2,    1) (   2,    1) (   2,    2) (   2,    0) (   2,    1) (   2,    2)
          (   2,    1) (   2,    2) (   2,    4) (   2,    2) (   2,    2) (   1,    0) (   2,    2) (   2,    1) (   1,    2) (   2,    3)
          (   2,    1) (   2,    2) (   2,    0) (   1,    2) (   2,    3) (   2,    2) (   1,    1) (   1,    0) (   1,    1) (   2,    1)
          (   2,    2) (   2,    2) (   2,    2) (   2,    2) (   2,    2) (   1,    1) (   2,    1) (   2,    0) (   2,    2) (   2,    4)
          (   2,    2) (   1,    2) (   2,    3) (   2,    1) (   2,    1) (   2,    1) (   1,    0) (   2,    2) (   2,    1) (   2,    2)
          (   2,    1) (   1,    1) (   2,    2) (   1,    2) (   2,    1) (   2,    1) (   1,    1) (   2,    3) (   2,    2) (   2,    2)
          (   2,    1) (   2,    2) (   2,    1) (   1,    1) (   2,    1) (   2,    2) (   2,    2) (   2,    0) (   2,    3) (   2,    1)
          (   2,    1) (   2,    3) (   2,    4) (   2,    3) (   2,    1) (   2,    0) (   2,    1) (   2,    2) (   2,    2) (   1,    2)
          (   2,    3) (   2,    4) (   2,    1) (   1,    0) (   2,    0) (   2,    1) (   1,    2) (   1,    2) (   2,    2) (   1,    3)
          (   1,    0) (   2,    2) (   2,    1) (   2,    1) (   1,    2) (   2,    2) (   2,    1) (   2,    0) (   2,    4) (   2,    1)
          (   2,    3) (   2,    4) (   1,    1) (   2,    2) (   1,    4) (   1,    2) (   1,    0) (   2,    1) (   2,    0) (   1,    1)
          (   2,    1) (   1,    4) (   2,    0) (   2,    3) (   2,    1) (   2,    2) (   1,    1) (   2,    2) (   2,    1) (   2,    2)
          (   2,    1) (   2,    2) (   2,    1) (   2,    1) (   1,    2) (   1,    1) (   1,    3) (   2,    1) (   2,    2) (   1,    2)
          (   1,    1) (   2,    2) (   1,    0) (   2,    2) (   2,    2) (   2,    3) (   2,    1) (   2,    0) (   2,    2) (   2,    0)
          (   2,    2) (   2,    4) (   1,    1) (   2,    2) (   2,    2) (   2,    4) (   2,    0) (   2,    2) (   1,    3) (   2,    2)
          (   2,    2) (   1,    2) (   2,    4) (   2,    3) (   2,    1) (   2,    1) (   1,    3) (   1,    2) (   2,    2) (   2,    2)
          (   2,    3) (   2,    0) (   1,    1) (   1,    2) (   2,    0) (   2,    1) (   2,    2) (   2,    3) (   1,    0) (   2,    1)
          (   2,    1) (   1,    2) (   2,    1) (   1,    3) (   1,    1) (   1,    4) (   2,    2) (   2,    2) (   2,    2) (   2,    1)
          (   2,    1) (   2,    4) (   1,    3) (   2,    2) (   2,    1) (   1,    2) (   2,    1) (   2,    0) (   2,    1) (   2,    2)
          (   2,    1) (   2,    1) (   2,    3) (   2,    4) (   2,    3) (   2,    0) (   1,    1) (   2,    0) (   2,    0) (   1,    1)
          (   2,    2) (   2,    2) (   2,    1) (   1,    1) (   2,    2) (   2,    0) (   2,    0) (   1,    0) (   1,    5) (   2,    2)
          (   2,    3) (   2,    1) (   2,    2) (   2,    1) (   2,    0) (   2,    3) (   2,    1) (   1,    2) (   2,    1) (   2,    2)
          (   2,    1) (   2,    1) (   2,    2) (   2,    0) (   2,    1) (   2,    1) (   2,    2) (   2,    1) (   2,    3) (   2,    4)
          (   2,    0) (   2,    3) (   2,    0) (   1,    2) (   2,    0) (   2,    1) (   2,    0) (   2,    1) (   2,    2) (   2,    1)
          (   2,    0) (   2,    1) (   2,    3) (   2,    5) (   2,    3) (   2,    0) (   2,    1) (   2,    2) (   2,    1) (   1,    0)
          (   2,    1) (   2,    0) (   1,    1) (   1,    3) (   2,    1) (   2,    1) (   2,    3) (   2,    3) (   2,    1) (   1,    4)
          (   2,    3) (   2,    3) (   2,    1) (   2,    0) (   2,    2) (   2,    2) (   2,    1) (   2,    3) (   2,    1) (   2,    1)
          (   2,    2) (   1,    5) (   2,    3) (   2,    0) (   2,    4) (   2,    2) (   2,    2) (   1,    0) (   2,    2) (   2,    0)
          (   2,    1) (   2,    1) (   1,    3) (   2,    3) (   1,    2) (   2,    2) (   2,    3) (   2,    2) (   2,    1) (   1,    1)
          (   1,    2) (   2,    3) (   2,    2) (   2,    1) (   2,    3) (   2,    3) (   2,    0) (   2,    3) (   2,    1) (   2,    1)
          (   2,    3) (   2,    2) (   2,    3) (   2,    2) (   2,    2) (   2,    1) (   2,    3) (   2,    1) (   1,    4) (   2,    0)
          (   1,    4) (   2,    4) (   2,    1) (   1,    1) (   2,    0) (   1,    1) (   1,    2) (   2,    3) (   2,    3) (   2,    1)
          (   2,    3) (   2,    2) (   2,    1) (   1,    2) (   2,    4) (   1,    1) (   2,    3) (   2,    1) (   2,    2) (   2,    0)
          (   2,    1) (   1,    2) (   1,    3) (   2,    4) (   2,    0) (   2,    1) (   1,    0) (   2,    1) (   2,    2) (   2,    4)
          (   2,    1) (   2,    0) (   2,    2) (   1,    1) (   2,    1) (   1,    2) (   1,    1) (   1,    2) (   2,    1) (   1,    1)
         
node   6 sent_total   1194  recv_total   1125

node   7  (   0,    0) (   1,    0) (   0,    0) (   0,    1) (   0,    0) (   1,    2) (   1,    1) (   2,    1) (   2,    1) (   1,    1)
          (   1,    2) (   2,    2) (   2,    5) (   2,    4) (   2,    2) (   2,    3) (   2,    4) (   2,    5) (   2,    2) (   1,    2)
          (   2,    1) (   2,    3) (   2,    2) (   2,    3) (   1,    4) (   2,    3) (   1,    3) (   2,    3) (   2,    2) (   2,    1)
          (   2,    1) (   1,    3) (   2,    1) (   2,    1) (   1,    2) (   2,    1) (   2,    3) (   2,    3) (   1,    2) (   1,    2)
          (   2,    1) (   2,    2) (   1,    2) (   2,    0) (   1,    1) (   2,    3) (   2,    2) (   2,    0) (   1,    1) (   2,    1)
          (   2,    3) (   1,    3) (   2,    2) (   1,    2) (   1,    1) (   2,    1) (   2,    1) (   2,    3) (   2,    1) (   2,    0)
          (   2,    0) (   2,    3) (   1,    3) (   1,    2) (   1,    3) (   2,    3) (   2,    1) (   2,    1) (   1,    0) (   1,    1)
          (   2,    2) (   2,    1) (   2,    2) (   2,    3) (   1,    2) (   1,    1) (   1,    3) (   1,    2) (   2,    2) (   1,    2)
          (   2,    1) (   2,    2) (   1,    1) (   2,    2) (   2,    3) (   2,    0) (   1,    2) (   1,    3) (   1,    1) (   0,    4)
          (   1,    0) (   2,    1) (   2,    2) (   2,    1) (   2,    3) (   2,    1) (   2,    1) (   2,    2) (   2,    0) (   2,    2)
          (   2,    3) (   1,    3) (   2,    1) (   2,    0) (   2,    2) (   1,    2) (   2,    1) (   2,    1) (   2,    3) (   1,    3)
          (   2,    3) (   2,    2) (   2,    2) (   1,    2) (   1,    0) (   1,    1) (   2,    0) (   2,    1) (   2,    1) (   2,    1)
          (   1,    1) (   1,    1) (   2,    2) (   1,    0) (   2,    1) (   1,    2) (   2,    1) (   1,    3) (   2,    2) (   1,    0)
          (   2,    2) (   1,    1) (   2,    0) (   2,    2) (   2,    1) (   1,    1) (   2,    2) (   1,    1) (   1,    2) (   2,    2)
          (   2,    2) (   2,    0) (   1,    1) (   2,    2) (   2,    2) (   2,    2) (   2,    3) (   2,    1) (   0,    2) (   1,    2)
          (   2,    1) (   1,    2) (   1,    0) (   2,    1) (   2,    2) (   2,    2) (   1,    1) (   2,    1) (   2,    3) (   1,    4)
          (   1,    1) (   2,    1) (   2,    2) (   2,    1) (   2,    0) (   2,    1) (   2,    2) (   0,    2) (   2,    2) (   1,    2)
          (   1,    0) (   2,    2) (   2,    3) (   2,    1) (   2,    2) (   2,    2) (   1,    1) (   2,    2) (   2,    2) (   1,    0)
          (   2,    2) (   1,    3) (   1,    2) (   2,    4) (   1,    2) (   1,    1) (   1,    2) (   1,    2) (   1,    3) (   2,    3)
          (   2,    2) (   2,    1) (   2,    2) (   2,    2) (   2,    4) (   1,    0) (   1,    3) (   2,    1) (   1,    1) (   1,    2)
          (   2,    1) (   1,    2) (   2,    2) (   2,    1) (   1,    3) (   1,    4) (   1,    4) (   2,    2) (   2,    1) (   1,    1)
          (   2,    2) (   2,    0) (   2,    1) (   2,    2) (   2,    2) (   2,    2) (   1,    2) (   1,    3) (   0,    2) (   2,    1)
          (   1,    2) (   2,    0) (   1,    2) (   1,    2) (   1,    2) (   2,    1) (   2,    2) (   2,    2) (   2,    2) (   2,    2)
          (   2,    1) (   2,    0) (   1,    1) (   1,    1) (   2,    3) (   1,    1) (   2,    2) (   1,    3) (   2,    3) (   2,    2)
          (   1,    1) (   2,    1) (   1,    1) (   1,    3) (   2,    3) (   2,    3) (   1,    1) (   2,    1) (   2,    1) (   1,    0)
          (   1,    4) (   2,    1) (   1,    2) (   2,    0) (   2,    2) (   2,    3) (   2,    3) (   0,    2) (   1,    0) (   2,    1)
          (   2,    1) (   1,    0) (   1,    0) (   2,    1) (   1,    1) (   2,    3) (   2,    4) (   2,    0) (   2,    1) (   2,    0)
          (   2,    3) (   2,    1) (   2,    3) (   2,    1) (   2,    2) (   2,    0) (   2,    2) (   2,    2) (   2,    0) (   1,    4)
          (   2,    1) (   2,    1) (   2,    2) (   1,    1) (   2,    0) (   1,    0) (   1,    4) (   1,    4) (   0,    0) (   1,    2)
          (   1,    1) (   2,    1) (   2,    1) (   1,    1) (   1,    1) (   1,    4) (   1,    0) (   2,    2) (   2,    1) (   2,    3)
          (   2,    3) (   1,    3) (   2,    1) (   1,    1) (   2,    3) (   2,    4) (   2,    0) (   2,    4) (   2,    3) (   2,    0)
          (   2,    1) (   2,    2) (   2,    1) (   2,    2) (   2,    0) (   2,    1) (   2,    1) (   2,    1) (   2,    3) (   2,    2)
          (   2,    2) (   2,    2) (   2,    0) (   2,    2) (   1,    4) (   2,    3) (   2,    2) (   2,    2) (   2,    1) (   2,    3)
          (   1,    4) (   2,    0) (   2,    2) (   2,    2) (   1,    1) (   2,    3) (   2,    3) (   1,    3) (   2,    3) (   1,    4)
          (   1,    1) (   2,    3) (   2,    3) (   2,    2) (   2,    3) (   2,    2) (   1,    0) (   1,    2) (   2,    3) (   2,    3)
          (   1,    2) (   2,    1) (   2,    0) (   2,    1) (   2,    1) (   1,    0) (   2,    3) (   2,    3) (   1,    1) (   2,    4)
          (   1,    2) (   2,    3) (   2,    0) (   1,    1) (   2,    2) (   2,    4) (   2,    2) (   1,    5) (   2,    2) (   2,    2)
          (   1,    1) (   2,    2) (   2,    2) (   1,    3) (   2,    2) (   2,    0) (   2,    2) (   2,    6) (   2,    3) (   2,    5)
          (   2,    2) (   2,    1) (   2,    4) (   1,    1) (   1,    2) (   1,    1) (   2,    2) (   2,    1) (   2,    2) (   2,    3)
          (   2,    2) (   2,    2) (   2,    3) (   1,    2) (   2,    3) (   2,    0) (   2,    2) (   2,    1) (   2,    3) (   2,    1)
          (   2,    1) (   2,    5) (   2,    1) (   2,    1) (   2,    4) (   2,    3) (   2,    3) (   2,    3) (   2,    2) (   2,    2)
          (   2,    4) (   2,    0) (   1,    1) (   2,    3) (   1,    2) (   2,    2) (   2,    1) (   1,    3) (   2,    2) (   2,    2)
          (   2,    4) (   2,    2) (   2,    1) (   2,    3) (   1,    3) (   2,    2) (   2,    2) (   2,    2) (   2,    1) (   1,    1)
          (   2,    2) (   2,    1) (   2,    2) (   1,    2) (   2,    4) (   2,    4) (   2,    2) (   2,    1) (   2,    1) (   2,    3)
          (   2,    1) (   1,    3) (   2,    2) (   2,    1) (   2,    3) (   2,    0) (   2,    1) (   2,    2) (   2,    0) (   2,    1)
          (   2,    3) (   2,    1) (   2,    3) (   1,    1) (   1,    1) (   2,    0) (   1,    1) (   2,    4) (   1,    3) (   2,    2)
          (   1,    3) (   2,    3) (   2,    6) (   2,    3) (   2,    1) (   2,    3) (   2,    1) (   2,    1) (   2,    4) (   2,    0)
          (   2,    2) (   1,    2) (   1,    2) (   2,    3) (   2,    2) (   2,    0) (   1,    2) (   2,    1) (   2,    1) (   2,    3)
          (   2,    2) (   2,    1) (   2,    3) (   1,    3) (   2,    4) (   2,    2) (   2,    3) (   2,    3) (   2,    4) (   2,    1)
          (   1,    2) (   2,    1) (   2,    1) (   2,    2) (   1,    1) (   2,    0) (   2,    5) (   2,    2) (   1,    2) (   1,    1)
          (   2,    1) (   2,    2) (   2,    1) (   2,    2) (   2,    4) (   2,    3) (   2,    0) (   2,    4) (   1,    3) (   1,    2)
          (   2,    2) (   1,    4) (   2,    2) (   2,    2) (   2,    4) (   2,    2) (   2,    3) (   2,    5) (   1,    4) (   1,    0)
          (   2,    3) (   1,    2) (   2,    4) (   2,    1) (   2,    3) (   2,    3) (   2,    2) (   1,    1) (   1,    2) (   1,    1)
          (   2,    3) (   2,    1) (   2,    2) (   1,    2) (   2,    2) (   2,    2) (   2,    2) (   1,    0) (   2,    3) (   2,    1)
          (   2,    0) (   2,    1) (   1,    1) (   2,    3) (   2,    1) (   2,    0) (   1,    3) (   2,    4) (   2,    5) (   1,    2)
          (   2,    2) (   1,    4) (   1,    2) (   2,    2) (   2,    1) (   1,    2) (   2,    3) (   2,    0) (   2,    1) (   2,    3)
          (   1,    3) (   2,    3) (   2,    4) (   1,    2) (   2,    3) (   1,    1) (   2,    3) (   1,    3) (   2,    5) (   1,    2)
          (   2,    3) (   1,    1) (   1,    1) (   1,    1) (   2,    3) (   1,    2) (   2,    2) (   2,    3) (   2,    4) (   2,    2)
          (   2,    3) (   2,    3) (   2,    2) (   2,    0) (   2,    4) (   2,    2) (   2,    0) (   2,    2) (   2,    4) (   2,    4)
          (   2,    3) (   1,    2) (   2,    2) (   1,    2) (   1,    0) (   2,    0) (   1,    1) (   1,    2) (   2,    0) (   2,    3)
          (   1,    4) (   1,    3) (   2,    1) (   1,    1) (   1,    1) (   2,    2) (   2,    2) (   2,    3) (   2,    3) (   2,    1)
          (   2,    1) (   2,    3) (   2,    4) (   2,    2) (   1,    4) (   2,    1) (   2,    1) (   1,    2) (   1,    3) (   2,    1)
          (   2,    2) (   2,    2) (   2,    1) (   1,    1) (   1,    2) (   1,    3) (   2,    6) (   2,    4) (   2,    3) (   2,    3)
          (   2,    1) (   1,    2) (   1,    2) (   1,    1) (   2,    1) (   1,    2) (   1,    1) (   1,    2) (   2,    0) (   2,    3)
          (   2,    2) (   2,    0) (   2,    6) (   2,    0) (   2,    1) (   1,    3) (   2,    3) (   1,    2) (   2,    4) (   2,    2)
          (   2,    2) (   1,    1) (   1,    0) (   2,    1) (   2,    2) (   2,    0) (   2,    3) (   1,    0) (   2,    2) (   2,    2)
          (   2,    0) (   2,    5) (   2,    3) (   1,    1) (   2,    3) (   1,    2) (   2,    2) (   2,    1) (   2,    2) (   2,    2)
          (   2,    2) (   2,    2) (   2,    4) (   1,    1) (   2,    3) (   1,    1) (   1,    1) (   1,    2) (   2,    0) (   1,    3)
          (   2,    1) (   2,    3) (   2,    2) (   2,    1) (   1,    4) (   1,    1) (   2,    0) (   2,    0) (   1,    4) (   1,    2)
          (   1,    2) (   2,    5) (   2,    1) (   2,    4) (   1,    1) (   2,    2) (   1,    2) (   1,    3) (   2,    1) (   2,    4)
         
node   7 sent_total   1163  recv_total   1347

node   8  (   0,    0) (   1,    0) (   0,    0) (   0,    1) (   2,    1) (   2,    0) (   1,    0) (   2,    1) (   2,    0) (   2,    3)
          (   2,    2) (   2,    3) (   2,    2) (   2,    2) (   1,    2) (   2,    2) (   2,    1) (   1,    2) (   1,    2) (   2,    1)
          (   2,    2) (   2,    2) (   2,    0) (   2,    1) (   2,    1) (   1,    1) (   2,    0) (   2,    0) (   2,    1) (   2,    1)
          (   2,    2) (   2,    2) (   2,    1) (   2,    3) (   2,    3) (   2,    2) (   2,    2) (   2,    1) (   2,    4) (   2,    1)
          (   2,    3) (   2,    2) (   1,    2) (   2,    2) (   1,    5) (   2,    3) (   1,    3) (   2,    3) (   2,    1) (   2,    1)
          (   2,    3) (   2,    2) (   2,    0) (   2,    1) (   1,    2) (   2,    0) (   1,    0) (   2,    1) (   1,    2) (   1,    2)
          (   2,    1) (   2,    0) (   2,    1) (   1,    1) (   2,    0) (   1,    1) (   1,    1) (   2,    1) (   2,    2) (   2,    3)
          (   2,    2) (   2,    1) (   2,    1) (   1,    3) (   2,    4) (   2,    2) (   2,    0) (   1,    2) (   2,    1) (   2,    1)
          (   1,    0) (   2,    2) (   2,    1) (   2,    2) (   2,    1) (   2,    1) (   2,    1) (   2,    1) (   2,    0) (   2,    1)
          (   1,    0) (   1,    3) (   2,    2) (   2,    3) (   2,    1) (   1,    1) (   2,    1) (   1,    1) (   2,    4) (   2,    0)
          (   2,    1) (   0,    0) (   0,    0) (   0,    0) (   0,    0) (   0,    0) (   0,    0) (   0,    0) (   0,    0) (   0,    0)
          (   0,    0) (   0,    0) (   0,    0) (   0,    0) (   0,    0) (   0,    0) (   0,    0) (   0,    0) (   0,    0) (   0,    0)
          (   0,    0) (   0,    0) (   0,    0) (   0,    0) (   0,    0) (   0,    0) (   0,    0) (   0,    0) (   0,    0) (   0,    0)
          (   0,    0) (   0,    0) (   0,    0) (   0,    0) (   0,    0) (   0,    0) (   0,    0) (   0,    0) (   0,    0) (   0,    0)
          (   0,    0) (   0,    0) (   0,    0) (   0,    0) (   0,    0) (   0,    0) (   0,    0) (   0,    0) (   0,    0) (   0,    0)
          (   0,    0) (   0,    0) (   0,    0) (   0,    0) (   0,    0) (   0,    0) (   0,    0) (   0,    0) (   0,    0) (   0,    0)
          (   0,    0) (   0,    0) (   0,    0) (   0,    0) (   0,    0) (   0,    0) (   0,    0) (   0,    0) (   0,    0) (   0,    0)
          (   0,    0) (   0,    0) (   0,    0) (   0,    0) (   0,    0) (   0,    0) (   0,    0) (   0,    0) (   0,    0) (   0,    0)
          (   0,    0) (   0,    0) (   0,    0) (   0,    0) (   0,    0) (   0,    0) (   0,    0) (   0,    0) (   0,    0) (   0,    0)
          (   0,    0) (   0,    0) (   0,    0) (   0,    0) (   0,    0) (   0,    0) (   0,    0) (   0,    0) (   0,    0) (   0,    0)
          (   0,    0) (   0,    0) (   0,    0) (   0,    0) (   0,    0) (   0,    0) (   0,    0) (   0,    0) (   0,    0) (   0,    0)
          (   0,    0) (   0,    0) (   0,    0) (   0,    0) (   0,    0) (   0,    0) (   0,    0) (   0,    0) (   0,    0) (   0,    0)
          (   0,    0) (   0,    0) (   0,    0) (   0,    0) (   0,    0) (   0,    0) (   0,    0) (   0,    0) (   0,    0) (   0,    0)
          (   0,    0) (   0,    0) (   0,    0) (   0,    0) (   0,    0) (   0,    0) (   0,    0) (   0,    0) (   0,    0) (   0,    0)
          (   0,    0) (   0,    0) (   0,    0) (   0,    0) (   0,    0) (   0,    0) (   0,    0) (   0,    0) (   0,    0) (   0,    0)
          (   0,    0) (   0,    0) (   0,    0) (   0,    0) (   0,    0) (   0,    0) (   0,    0) (   0,    0) (   0,    0) (   0,    0)
          (   0,    0) (   0,    0) (   0,    0) (   0,    0) (   0,    0) (   0,    0) (   0,    0) (   0,    0) (   0,    0) (   0,    0)
          (   0,    0) (   0,    0) (   0,    0) (   0,    0) (   0,    0) (   0,    0) (   0,    0) (   0,    0) (   0,    0) (   0,    0)
          (   0,    0) (   0,    0) (   0,    0) (   0,    0) (   0,    0) (   0,    0) (   0,    0) (   0,    0) (   0,    0) (   0,    0)
          (   0,    0) (   0,    0) (   0,    0) (   0,    0) (   0,    0) (   0,    0) (   0,    0) (   0,    0) (   0,    0) (   0,    0)
          (   0,    0) (   0,    0) (   0,    0) (   0,    0) (   0,    0) (   0,    0) (   0,    0) (   0,    0) (   0,    0) (   0,    0)
          (   0,    0) (   0,    0) (   0,    0) (   0,    0) (   0,    0) (   0,    0) (   0,    0) (   0,    0) (   0,    0) (   0,    0)
          (   0,    0) (   0,    0) (   0,    0) (   0,    0) (   0,    0) (   0,    0) (   0,    0) (   0,    0) (   0,    0) (   0,    0)
          (   0,    0) (   0,    0) (   0,    0) (   0,    0) (   0,    0) (   0,    0) (   0,    0) (   0,    0) (   0,    0) (   0,    0)
          (   0,    0) (   0,    0) (   0,    0) (   0,    0) (   0,    0) (   0,    0) (   0,    0) (   0,    0) (   0,    0) (   0,    0)
          (   0,    0) (   0,    0) (   0,    0) (   0,    0) (   0,    0) (   0,    0) (   0,    0) (   0,    0) (   0,    0) (   0,    0)
          (   0,    0) (   0,    0) (   0,    0) (   0,    0) (   0,    0) (   0,    0) (   0,    0) (   0,    0) (   0,    0) (   0,    0)
          (   0,    0) (   0,    0) (   0,    0) (   0,    0) (   0,    0) (   0,    0) (   0,    0) (   0,    0) (   0,    0) (   0,    0)
          (   0,    0) (   0,    0) (   0,    0) (   0,    0) (   0,    0) (   0,    0) (   0,    0) (   0,    0) (   0,    0) (   0,    0)
          (   0,    0) (   0,    0) (   0,    0) (   0,    0) (   0,    0) (   0,    0) (   0,    0) (   0,    0) (   0,    0) (   0,    0)
          (   0,    0) (   0,    0) (   0,    0) (   0,    0) (   0,    0) (   0,    0) (   0,    0) (   0,    0) (   0,    0) (   0,    0)
          (   0,    0) (   0,    0) (   0,    0) (   0,    0) (   0,    0) (   0,    0) (   0,    0) (   0,    0) (   0,    0) (   0,    0)
          (   0,    0) (   0,    0) (   0,    0) (   0,    0) (   0,    0) (   0,    0) (   0,    0) (   0,    0) (   0,    0) (   0,    0)
          (   0,    0) (   0,    0) (   0,    0) (   0,    0) (   0,    0) (   0,    0) (   0,    0) (   0,    0) (   0,    0) (   0,    0)
          (   0,    0) (   0,    0) (   0,    0) (   0,    0) (   0,    0) (   0,    0) (   0,    0) (   0,    0) (   0,    0) (   0,    0)
          (   0,    0) (   0,    0) (   0,    0) (   0,    0) (   0,    0) (   0,    0) (   0,    0) (   0,    0) (   0,    0) (   0,    0)
          (   0,    0) (   0,    0) (   0,    0) (   0,    0) (   0,    0) (   0,    0) (   0,    0) (   0,    0) (   0,    0) (   0,    0)
          (   0,    0) (   0,    0) (   0,    0) (   0,    0) (   0,    0) (   0,    0) (   0,    0) (   0,    0) (   0,    0) (   0,    0)
          (   0,    0) (   0,    0) (   0,    0) (   0,    0) (   0,    0) (   0,    0) (   0,    0) (   0,    0) (   0,    0) (   0,    0)
          (   0,    0) (   0,    0) (   0,    0) (   0,    0) (   0,    0) (   0,    0) (   0,    0) (   0,    0) (   0,    0) (   0,    0)
          (   0,    0) (   0,    0) (   0,    0) (   0,    0) (   0,    0) (   0,    0) (   0,    0) (   0,    0) (   0,    0) (   0,    0)
          (   0,    0) (   0,    0) (   0,    0) (   0,    0) (   0,    0) (   0,    0) (   0,    0) (   0,    0) (   0,    0) (   0,    0)
          (   0,    0) (   0,    0) (   0,    0) (   0,    0) (   0,    0) (   0,    0) (   0,    0) (   0,    0) (   0,    0) (   0,    0)
          (   0,    0) (   0,    0) (   0,    0) (   0,    0) (   0,    0) (   0,    0) (   0,    0) (   0,    0) (   0,    0) (   0,    0)
          (   0,    0) (   0,    0) (   0,    0) (   0,    0) (   0,    0) (   0,    0) (   0,    0) (   0,    0) (   0,    0) (   0,    0)
          (   0,    0) (   0,    0) (   0,    0) (   0,    0) (   0,    0) (   0,    0) (   0,    0) (   0,    0) (   0,    0) (   0,    0)
          (   0,    0) (   0,    0) (   0,    0) (   0,    0) (   0,    0) (   0,    0) (   0,    0) (   0,    0) (   0,    0) (   0,    0)
          (   0,    0) (   0,    0) (   0,    0) (   0,    0) (   0,    0) (   0,    0) (   0,    0) (   0,    0) (   0,    0) (   0,    0)
          (   0,    0) (   0,    0) (   0,    0) (   0,    0) (   0,    0) (   0,    0) (   0,    0) (   0,    0) (   0,    0) (   0,    0)
          (   0,    0) (   0,    0) (   0,    0) (   0,    0) (   0,    0) (   0,    0) (   0,    0) (   0,    0) (   0,    0) (   0,    0)
          (   0,    0) (   0,    0) (   0,    0) (   0,    0) (   0,    0) (   0,    0) (   0,    0) (   0,    0) (   0,    0) (   0,    0)
          (   0,    0) (   0,    0) (   0,    0) (   0,    0) (   0,    0) (   0,    0) (   0,    0) (   0,    0) (   0,    0) (   0,    0)
          (   0,    0) (   0,    0) (   0,    0) (   0,    0) (   0,    0) (   0,    0) (   0,    0) (   0,    0) (   0,    0) (   0,    0)
          (   0,    0) (   0,    0) (   0,    0) (   0,    0) (   0,    0) (   0,    0) (   0,    0) (   0,    0) (   0,    0) (   0,    0)
          (   0,    0) (   0,    0) (   0,    0) (   0,    0) (   0,    0) (   0,    0) (   0,    0) (   0,    0) (   0,    0) (   0,    0)
          (   0,    0) (   0,    0) (   0,    0) (   0,    0) (   0,    0) (   0,    0) (   0,    0) (   0,    0) (   0,    0) (   0,    0)
          (   0,    0) (   0,    0) (   0,    0) (   0,    0) (   0,    0) (   0,    0) (   0,    0) (   0,    0) (   0,    0) (   0,    0)
          (   0,    0) (   0,    0) (   0,    0) (   0,    0) (   0,    0) (   0,    0) (   0,    0) (   0,    0) (   0,    0) (   0,    0)
          (   0,    0) (   0,    0) (   0,    0) (   0,    0) (   0,    0) (   0,    0) (   0,    0) (   0,    0) (   0,    0) (   0,    0)
          (   0,    0) (   0,    0) (   0,    0) (   0,    0) (   0,    0) (   0,    0) (   0,    0) (   0,    0) (   0,    0) (   0,    0)
         
node   8 sent_total    173  recv_total    148

node   9  (   0,    0) (   0,    0) (   1,    0) (   0,    0) (   0,    1) (   0,    0) (   0,    0) (   0,    0) (   1,    1) (   2,    0)
          (   1,    0) (   2,    0) (   2,    1) (   1,    0) (   2,    2) (   2,    3) (   2,    0) (   2,    3) (   2,    0) (   2,    2)
          (   2,    2) (   1,    0) (   2,    2) (   2,    1) (   2,    3) (   2,    1) (   1,    2) (   2,    1) (   2,    1) (   2,    2)
          (   2,    0) (   2,    2) (   2,    4) (   2,    1) (   2,    3) (   2,    4) (   1,    1) (   2,    1) (   1,    4) (   2,    2)
          (   2,    0) (   1,    1) (   2,    2) (   2,    4) (   2,    1) (   2,    2) (   2,    0) (   2,    2) (   2,    1) (   1,    2)
          (   2,    3) (   2,    2) (   1,    1) (   2,    4) (   1,    3) (   2,    3) (   2,    1) (   1,    4) (   2,    2) (   2,    3)
          (   1,    3) (   2,    1) (   1,    3) (   2,    2) (   1,    3) (   1,    1) (   2,    3) (   1,    0) (   2,    4) (   1,    1)
          (   2,    1) (   1,    2) (   1,    2) (   1,    3) (   2,    1) (   2,    1) (   2,    1) (   2,    0) (   2,    2) (   2,    2)
          (   1,    3) (   1,    2) (   1,    2) (   0,    2) (   2,    0) (   2,    3) (   2,    3) (   2,    1) (   1,    2) (   2,    0)
          (   1,    1) (   1,    1) (   1,    1) (   2,    2) (   2,    2) (   2,    3) (   2,    0) (   2,    2) (   2,    2) (   1,    0)
          (   1,    1) (   2,    1) (   1,    1) (   1,    2) (   2,    2) (   1,    1) (   2,    2) (   2,    1) (   2,    1) (   1,    2)
          (   2,    0) (   2,    1) (   2,    2) (   2,    3) (   2,    0) (   2,    0) (   1,    1) (   2,    0) (   1,    3) (   2,    3)
          (   2,    3) (   2,    4) (   2,    1) (   1,    1) (   2,    0) (   1,    5) (   1,    1) (   1,    1) (   2,    2) (   0,    4)
          (   1,    2) (   2,    3) (   1,    0) (   2,    1) (   2,    1) (   2,    3) (   1,    0) (   1,    2) (   2,    1) (   2,    1)
          (   1,    3) (   1,    2) (   2,    1) (   2,    1) (   1,    2) (   2,    0) (   1,    0) (   1,    1) (   2,    2) (   2,    2)
          (   1,    3) (   2,    2) (   2,    1) (   2,    2) (   2,    2) (   1,    2) (   1,    1) (   2,    1) (   1,    1) (   1,    1)
          (   1,    2) (   2,    0) (   2,    2) (   1,    2) (   1,    2) (   1,    1) (   2,    1) (   0,    1) (   2,    3) (   1,    3)
          (   2,    2) (   2,    3) (   2,    1) (   1,    2) (   2,    2) (   1,    3) (   0,    3) (   2,    0) (   1,    3) (   2,    2)
          (   1,    0) (   1,    1) (   2,    1) (   1,    2) (   1,    3) (   2,    1) (   2,    0) (   0,    3) (   1,    1) (   1,    3)
          (   2,    3) (   0,    2) (   1,    3) (   2,    1) (   0,    2) (   1,    1) (   2,    2) (   1,    3) (   2,    1) (   2,    2)
          (   2,    2) (   2,    1) (   2,    1) (   2,    1) (   1,    2) (   2,    2) (   2,    1) (   1,    2) (   1,    2) (   2,    4)
          (   2,    0) (   1,    4) (   2,    1) (   2,    1) (   2,    0) (   2,    2) (   2,    2) (   2,    1) (   2,    5) (   2,    3)
          (   1,    3) (   2,    1) (   2,    1) (   2,    0) (   2,    1) (   2,    1) (   1,    4) (   2,    4) (   2,    1) (   1,    0)
          (   2,    2) (   2,    0) (   2,    2) (   0,    2) (   1,    1) (   2,    2) (   2,    1) (   2,    1) (   2,    3) (   1,    2)
          (   1,    0) (   2,    1) (   2,    1) (   1,    2) (   2,    0) (   1,    2) (   1,    4) (   2,    1) (   2,    1) (   1,    2)
          (   1,    0) (   1,    5) (   2,    2) (   1,    2) (   1,    2) (   2,    2) (   1,    2) (   1,    1) (   2,    3) (   1,    0)
          (   2,    3) (   1,    2) (   2,    2) (   1,    3) (   2,    1) (   2,    2) (   2,    1) (   2,    1) (   2,    3) (   1,    2)
          (   2,    1) (   1,    1) (   0,    2) (   2,    1) (   2,    3) (   1,    1) (   2,    1) (   2,    1) (   1,    2) (   1,    2)
          (   1,    3) (   2,    3) (   2,    1) (   1,    3) (   2,    2) (   2,    3) (   2,    3) (   2,    3) (   2,    1) (   2,    0)
          (   2,    2) (   2,    2) (   1,    3) (   2,    5) (   2,    1) (   1,    2) (   1,    2) (   2,    2) (   2,    2) (   1,    2)
          (   2,    1) (   2,    3) (   1,    2) (   2,    0) (   2,    2) (   2,    1) (   1,    2) (   1,    1) (   2,    1) (   1,    0)
          (   2,    1) (   2,    2) (   1,    1) (   1,    2) (   1,    1) (   1,    0) (   2,    2) (   1,    3) (   1,    2) (   1,    2)
          (   1,    3) (   2,    1) (   2,    3) (   1,    2) (   2,    2) (   2,    2) (   2,    1) (   1,    1) (   2,    0) (   2,    3)
          (   2,    1) (   1,    2) (   2,    3) (   2,    3) (   1,    3) (   2,    1) (   1,    2) (   2,    2) (   2,    3) (   2,    0)
          (   2,    1) (   2,    1) (   2,    3) (   2,    0) (   1,    2) (   2,    2) (   2,    3) (   1,    3) (   2,    0) (   2,    1)
          (   2,    1) (   1,    3) (   2,    0) (   2,    2) (   2,    4) (   2,    2) (   2,    2) (   2,    1) (   2,    4) (   1,    0)
          (   2,    1) (   1,    1) (   1,    3) (   2,    5) (   1,    3) (   2,    1) (   2,    2) (   2,    1) (   2,    1) (   2,    2)
          (   2,    2) (   2,    1) (   1,    0) (   2,    2) (   2,    1) (   2,    1) (   1,    3) (   2,    1) (   2,    3) (   1,    0)
          (   1,    4) (   1,    4) (   2,    2) (   2,    3) (   2,    2) (   2,    4) (   2,    1) (   2,    2) (   1,    1) (   1,    2)
          (   2,    1) (   2,    2) (   2,    1) (   1,    4) (   1,    3) (   1,    1) (   2,    1) (   2,    0) (   2,    2) (   2,    2)
          (   2,    2) (   1,    1) (   2,    0) (   2,    2) (   2,    3) (   2,    3) (   2,    3) (   2,    4) (   2,    1) (   2,    1)
          (   1,    2) (   2,    2) (   2,    2) (   2,    2) (   2,    2) (   1,    2) (   2,    2) (   2,    3) (   1,    2) (   2,    3)
          (   2,    5) (   2,    2) (   2,    1) (   2,    1) (   1,    5) (   2,    1) (   2,    3) (   2,    1) (   2,    2) (   2,    3)
          (   1,    4) (   2,    1) (   2,    2) (   2,    4) (   2,    3) (   1,    1) (   1,    3) (   2,    0) (   2,    2) (   2,    4)
          (   2,    3) (   2,    3) (   2,    1) (   2,    3) (   1,    3) (   2,    3) (   2,    2) (   1,    2) (   2,    2) (   2,    1)
          (   2,    0) (   1,    1) (   2,    1) (   2,    0) (   2,    1) (   2,    2) (   1,    1) (   2,    2) (   2,    1) (   1,    5)
          (   2,    2) (   2,    3) (   2,    3) (   2,    2) (   2,    2) (   2,    2) (   2,    1) (   2,    3) (   1,    2) (   1,    2)
          (   2,    3) (   2,    0) (   2,    2) (   1,    4) (   1,    1) (   2,    1) (   2,    1) (   1,    2) (   1,    4) (   1,    2)
          (   2,    2) (   2,    3) (   1,    1) (   2,    1) (   2,    1) (   1,    2) (   2,    0) (   1,    1) (   2,    0) (   2,    3)
          (   2,    2) (   2,    3) (   2,    2) (   2,    1) (   2,    2) (   2,    3) (   2,    3) (   2,    3) (   1,    2) (   2,    2)
          (   2,    3) (   2,    0) (   2,    2) (   2,    2) (   2,    2) (   2,    2) (   2,    1) (   2,    1) (   2,    3) (   1,    3)
          (   2,    1) (   2,    3) (   2,    4) (   2,    3) (   2,    0) (   2,    2) (   2,    2) (   2,    3) (   2,    1) (   1,    1)
          (   2,    3) (   2,    3) (   2,    1) (   2,    1) (   2,    3) (   2,    1) (   1,    1) (   1,    4) (   2,    3) (   2,    2)
          (   2,    2) (   1,    2) (   1,    1) (   2,    2) (   2,    1) (   2,    1) (   1,    2) (   1,    1) (   1,    2) (   2,    1)
          (   2,    2) (   1,    2) (   2,    1) (   2,    2) (   1,    3) (   2,    4) (   1,    1) (   2,    2) (   2,    2) (   2,    5)
          (   1,    2) (   2,    2) (   2,    1) (   1,    2) (   1,    3) (   2,    3) (   2,    4) (   2,    2) (   2,    1) (   1,    1)
          (   2,    0) (   2,    1) (   2,    2) (   2,    1) (   2,    2) (   2,    2) (   1,    0) (   2,    1) (   1,    3) (   2,    0)
          (   2,    2) (   2,    5) (   2,    1) (   2,    4) (   2,    0) (   2,    2) (   1,    2) (   2,    3) (   2,    0) (   2,    3)
          (   2,    1) (   2,    3) (   2,    4) (   2,    2) (   1,    1) (   2,    1) (   2,    3) (   2,    1) (   2,    0) (   2,    3)
          (   2,    2) (   2,    3) (   2,    1) (   1,    0) (   1,    4) (   2,    2) (   2,    2) (   2,    2) (   2,    3) (   2,    2)
          (   2,    4) (   1,    0) (   2,    3) (   2,    0) (   1,    1) (   1,    0) (   1,    1) (   1,    1) (   1,    3) (   2,    2)
          (   2,    0) (   1,    1) (   2,    1) (   2,    3) (   2,    3) (   2,    0) (   2,    2) (   2,    1) (   1,    3) (   2,    2)
          (   2,    1) (   2,    4) (   2,    1) (   2,    2) (   2,    2) (   2,    2) (   1,    1) (   2,    3) (   1,    1) (   2,    1)
          (   2,    3) (   2,    4) (   2,    3) (   2,    2) (   1,    2) (   2,    3) (   2,    2) (   2,    2) (   1,    4) (   2,    2)
          (   2,    1) (   1,    3) (   2,    2) (   2,    1) (   2,    3) (   2,    1) (   2,    1) (   2,    3) (   2,    2) (   2,    5)
          (   2,    3) (   2,    0) (   2,    2) (   2,    2) (   2,    3) (   2,    5) (   2,    1) (   2,    3) (   2,    0) (   2,    4)
          (   2,    2) (   1,    1) (   2,    3) (   1,    5) (   2,    2) (   2,    4) (   2,    1) (   2,    2) (   2,    4) (   2,    2)
          (   2,    2) (   2,    2) (   2,    1) (   2,    4) (   1,    3) (   1,    3) (   2,    2) (   2,    4) (   2,    2) (   2,    2)
          (   2,    3) (   2,    4) (   2,    1) (   1,    1) (   2,    1) (   2,    2) (   2,    2) (   2,    5) (   2,    2) (   2,    1)
          (   2,    2) (   1,    2) (   1,    2) (   1,    0) (   2,    4) (   2,    3) (   1,    3) (   2,    3) (   2,    4) (   1,    3)
         
node   9 sent_total   1159  recv_total   1306

node  10  (   0,    0) (   0,    0) (   1,    0) (   0,    0) (   0,    2) (   0,    0) (   0,    0) (   2,    1) (   2,    0) (   1,    1)
          (   1,    0) (   2,    1) (   1,    1) (   2,    1) (   2,    0) (   2,    1) (   2,    2) (   2,    0) (   1,    4) (   2,    1)
          (   2,    0) (   2,    3) (   2,    3) (   2,    2) (   2,    3) (   2,    1) (   2,    2) (   2,    2) (   2,    2) (   1,    4)
          (   2,    0) (   2,    2) (   1,    1) (   2,    1) (   2,    3) (   2,    2) (   2,    2) (   1,    3) (   2,    2) (   2,    1)
          (   2,    3) (   2,    2) (   2,    2) (   2,    3) (   2,    3) (   2,    1) (   2,    3) (   1,    3) (   2,    3) (   2,    2)
          (   2,    2) (   2,    2) (   2,    3) (   1,    1) (   1,    3) (   2,    0) (   2,    1) (   2,    1) (   1,    5) (   2,    2)
          (   2,    4) (   1,    5) (   2,    1) (   2,    1) (   2,    2) (   2,    3) (   1,    1) (   2,    2) (   1,    1) (   0,    1)
          (   2,    0) (   2,    2) (   1,    1) (   2,    1) (   1,    1) (   2,    3) (   1,    2) (   2,    2) (   2,    0) (   1,    1)
          (   1,    2) (   2,    1) (   1,    1) (   1,    0) (   2,    2) (   2,    2) (   2,    1) (   2,    2) (   2,    3) (   2,    1)
          (   2,    1) (   2,    2) (   1,    0) (   2,    0) (   2,    3) (   2,    3) (   2,    2) (   1,    2) (   2,    2) (   2,    3)
          (   2,    2) (   1,    2) (   1,    1) (   2,    3) (   2,    1) (   1,    2) (   0,    1) (   1,    1) (   2,    1) (   0,    1)
          (   2,    0) (   2,    2) (   2,    1) (   1,    0) (   1,    1) (   1,    1) (   1,    0) (   2,    2) (   2,    1) (   2,    3)
          (   2,    1) (   2,    1) (   2,    0) (   2,    0) (   2,    1) (   1,    1) (   2,    4) (   2,    1) (   1,    1) (   2,    1)
          (   2,    2) (   2,    1) (   2,    3) (   1,    1) (   2,    0) (   1,    3) (   1,    2) (   1,    1) (   2,    0) (   1,    3)
          (   0,    1) (   2,    3) (   1,    1) (   1,    1) (   1,    0) (   1,    1) (   2,    3) (   2,    2) (   2,    2) (   1,    2)
          (   1,    1) (   1,    1) (   1,    3) (   1,    1) (   2,    1) (   2,    1) (   1,    2) (   2,    0) (   2,    2) (   2,    1)
          (   2,    3) (   0,    1) (   1,    1) (   1,    0) (   2,    0) (   1,    3) (   2,    2) (   1,    4) (   1,    2) (   1,    1)
          (   2,    3) (   2,    1) (   1,    1) (   2,    1) (   2,    2) (   2,    2) (   1,    1) (   1,    1) (   2,    0) (   2,    2)
          (   2,    1) (   1,    2) (   2,    2) (   2,    2) (   1,    1) (   1,    2) (   2,    1) (   2,    2) (   2,    1) (   2,    1)
          (   2,    0) (   2,    2) (   2,    2) (   2,    3) (   1,    0) (   1,    2) (   2,    1) (   1,    0) (   1,    3) (   2,    2)
          (   1,    2) (   2,    4) (   2,    0) (   1,    0) (   0,    4) (   2,    0) (   2,    0) (   2,    2) (   2,    3) (   1,    3)
          (   1,    2) (   1,    1) (   2,    3) (   1,    3) (   1,    1) (   2,    2) (   2,    2) (   2,    0) (   2,    0) (   1,    4)
          (   2,    1) (   2,    0) (   1,    0) (   2,    2) (   1,    2) (   1,    2) (   2,    2) (   1,    1) (   2,    1) (   2,    2)
          (   1,    2) (   2,    3) (   2,    2) (   1,    0) (   2,    1) (   1,    2) (   2,    0) (   2,    1) (   2,    2) (   2,    2)
          (   2,    0) (   2,    2) (   2,    5) (   1,    3) (   2,    1) (   2,    3) (   2,    0) (   2,    3) (   2,    2) (   1,    1)
          (   2,    1) (   1,    1) (   2,    2) (   1,    3) (   1,    1) (   1,    0) (   1,    2) (   2,    1) (   2,    1) (   2,    0)
          (   2,    1) (   2,    3) (   2,    2) (   2,    2) (   2,    1) (   2,    0) (   2,    1) (   2,    0) (   2,    3) (   1,    2)
          (   2,    2) (   1,    1) (   1,    0) (   2,    2) (   1,    1) (   2,    4) (   2,    3) (   1,    0) (   2,    0) (   1,    3)
          (   2,    2) (   1,    3) (   2,    3) (   2,    2) (   2,    4) (   2,    2) (   1,    3) (   1,    2) (   1,    2) (   2,    2)
          (   2,    5) (   2,    0) (   2,    2) (   1,    0) (   2,    2) (   2,    1) (   2,    0) (   2,    1) (   2,    1) (   2,    0)
          (   2,    2) (   1,    0) (   1,    4) (   2,    2) (   2,    2) (   2,    2) (   2,    2) (   1,    1) (   1,    2) (   1,    1)
          (   2,    1) (   1,    1) (   2,    2) (   2,    3) (   2,    5) (   2,    1) (   2,    1) (   1,    1) (   2,    1) (   2,    2)
          (   2,    0) (   2,    3) (   1,    3) (   2,    0) (   2,    2) (   2,    0) (   2,    3) (   2,    1) (   1,    4) (   2,    2)
          (   2,    2) (   2,    1) (   2,    2) (   2,    2) (   2,    1) (   1,    0) (   2,    2) (   1,    0) (   2,    2) (   2,    1)
          (   2,    3) (   2,    2) (   2,    3) (   2,    2) (   1,    0) (   2,    1) (   2,    3) (   2,    0) (   2,    1) (   1,    2)
          (   2,    4) (   1,    2) (   2,    1) (   2,    2) (   2,    3) (   2,    3) (   2,    1) (   1,    2) (   1,    1) (   2,    1)
          (   1,    2) (   2,    1) (   2,    2) (   2,    0) (   2,    2) (   2,    0) (   1,    1) (   1,    1) (   2,    0) (   2,    0)
          (   2,    2) (   2,    5) (   1,    2) (   1,    1) (   2,    1) (   2,    2) (   2,    0) (   2,    2) (   2,    2) (   2,    1)
          (   2,    2) (   1,    0) (   2,    1) (   2,    1) (   2,    3) (   2,    1) (   2,    2) (   2,    2) (   2,    2) (   2,    0)
          (   2,    2) (   2,    2) (   2,    0) (   2,    1) (   1,    2) (   2,    3) (   1,    0) (   1,    1) (   2,    0) (   2,    2)
          (   2,    3) (   2,    1) (   1,    2) (   2,    4) (   2,    0) (   1,    0) (   2,    0) (   2,    1) (   2,    2) (   2,    1)
          (   2,    1) (   2,    1) (   2,    1) (   2,    2) (   2,    3) (   2,    4) (   2,    1) (   1,    1) (   2,    1) (   2,    2)
          (   2,    2) (   1,    1) (   2,    1) (   2,    1) (   1,    2) (   2,    4) (   1,    3) (   2,    3) (   1,    3) (   2,    1)
          (   1,    0) (   2,    1) (   2,    3) (   2,    2) (   2,    2) (   2,    1) (   2,    2) (   2,    1) (   2,    1) (   2,    1)
          (   2,    2) (   2,    1) (   1,    3) (   1,    3) (   1,    1) (   2,    0) (   2,    4) (   2,    2) (   1,    2) (   2,    2)
          (   2,    3) (   2,    0) (   1,    2) (   2,    2) (   2,    2) (   1,    2) (   2,    3) (   1,    1) (   1,    2) (   1,    2)
          (   1,    0) (   2,    2) (   2,    1) (   1,    1) (   2,    2) (   2,    2) (   2,    2) (   2,    1) (   2,    0) (   2,    2)
          (   2,    2) (   1,    1) (   2,    1) (   1,    0) (   1,    2) (   2,    1) (   2,    3) (   2,    3) (   2,    1) (   1,    1)
          (   1,    2) (   2,    1) (   2,    4) (   2,    3) (   2,    0) (   2,    2) (   1,    5) (   2,    4) (   2,    3) (   2,    1)
          (   2,    3) (   2,    2) (   2,    1) (   1,    0) (   1,    2) (   1,    1) (   2,    2) (   2,    3) (   2,    4) (   1,    1)
          (   2,    1) (   2,    1) (   2,    3) (   1,    1) (   2,    1) (   2,    2) (   2,    2) (   1,    2) (   1,    1) (   2,    2)
          (   2,    2) (   2,    1) (   1,    4) (   2,    1) (   1,    4) (   2,    1) (   2,    2) (   2,    0) (   2,    0) (   2,    2)
          (   2,    2) (   2,    4) (   2,    2) (   2,    2) (   2,    1) (   2,    0) (   2,    2) (   2,    0) (   2,    3) (   2,    2)
          (   2,    0) (   2,    1) (   1,    2) (   2,    1) (   1,    3) (   2,    2) (   1,    3) (   1,    4) (   2,    0) (   1,    3)
          (   2,    3) (   1,    0) (   2,    2) (   2,    2) (   2,    1) (   2,    2) (   2,    5) (   2,    2) (   2,    3) (   2,    0)
          (   2,    2) (   2,    2) (   2,    2) (   2,    2) (   2,    2) (   2,    2) (   2,    0) (   2,    3) (   2,    1) (   1,    0)
          (   2,    1) (   2,    0) (   2,    2) (   2,    2) (   2,    2) (   2,    1) (   2,    1) (   2,    2) (   1,    1) (   1,    1)
          (   2,    2) (   1,    3) (   2,    2) (   2,    1) (   2,    0) (   2,    2) (   2,    2) (   2,    3) (   2,    0) (   2,    2)
          (   1,    3) (   2,    0) (   2,    1) (   2,    3) (   2,    3) (   2,    2) (   2,    2) (   1,    0) (   2,    3) (   1,    3)
          (   2,    2) (   2,    1) (   2,    2) (   2,    2) (   2,    2) (   2,    1) (   2,    1) (   2,    0) (   2,    4) (   2,    3)
          (   1,    1) (   1,    0) (   2,    1) (   2,    1) (   1,    1) (   2,    0) (   2,    3) (   2,    1) (   2,    1) (   2,    1)
          (   2,    4) (   2,    1) (   1,    3) (   2,    2) (   1,    2) (   1,    1) (   2,    2) (   2,    1) (   1,    1) (   2,    1)
          (   1,    0) (   2,    1) (   2,    2) (   2,    3) (   1,    1) (   2,    2) (   2,    0) (   2,    2) (   2,    1) (   2,    2)
          (   2,    0) (   2,    1) (   2,    0) (   2,    1) (   2,    2) (   2,    2) (   2,    1) (   2,    1) (   2,    1) (   2,    1)
          (   2,    2) (   2,    1) (   2,    1) (   1,    3) (   2,    4) (   1,    2) (   1,    2) (   2,    2) (   2,    2) (   2,    1)
          (   1,    5) (   2,    2) (   1,    3) (   1,    1) (   2,    1) (   1,    2) (   2,    1) (   2,    4) (   2,    2) (   2,    0)
          (   2,    0) (   2,    0) (   1,    0) (   2,    2) (   2,    2) (   1,    0) (   1,    0) (   2,    3) (   2,    2) (   1,    2)
          (   2,    2) (   2,    0) (   2,    1) (   2,    0) (   2,    0) (   1,    2) (   2,    5) (   2,    5) (   2,    1) (   1,    1)
          (   2,    0) (   2,    1) (   1,    2) (   1,    2) (   2,    4) (   2,    4) (   2,    3) (   1,    0) (   2,    1) (   2,    1)
          (   2,    0) (   2,    2) (   2,    1) (   2,    1) (   2,    1) (   1,    1) (   1,    2) (   2,    1) (   2,    0) (   1,    1)
         
node  10 sent_total   1178  recv_total   1131

